{"/Users/guoqing/Downloads/s17-ESN-SV2-master 3/unit_test/user_test.js":{"path":"/Users/guoqing/Downloads/s17-ESN-SV2-master 3/unit_test/user_test.js","s":{"1":1,"2":1,"3":1,"4":1,"5":1,"6":1,"7":1,"8":1,"9":1,"10":1,"11":1,"12":1,"13":1,"14":1,"15":1,"16":0,"17":1,"18":1,"19":1,"20":1,"21":1,"22":1,"23":1,"24":1,"25":0,"26":1,"27":1,"28":1,"29":1,"30":1,"31":1,"32":1,"33":1,"34":1,"35":1,"36":1,"37":1,"38":1,"39":1,"40":1,"41":1,"42":1,"43":1,"44":1},"b":{"1":[1,0],"2":[1,0]},"f":{"1":1,"2":1,"3":1,"4":1,"5":1,"6":1,"7":1,"8":1,"9":1,"10":1,"11":1,"12":1,"13":1,"14":1,"15":1},"fnMap":{"1":{"name":"(anonymous_1)","line":38,"loc":{"start":{"line":38,"column":29},"end":{"line":38,"column":41}}},"2":{"name":"(anonymous_2)","line":40,"loc":{"start":{"line":40,"column":57},"end":{"line":40,"column":73}}},"3":{"name":"(anonymous_3)","line":42,"loc":{"start":{"line":42,"column":29},"end":{"line":42,"column":45}}},"4":{"name":"(anonymous_4)","line":46,"loc":{"start":{"line":46,"column":37},"end":{"line":46,"column":53}}},"5":{"name":"(anonymous_5)","line":57,"loc":{"start":{"line":57,"column":74},"end":{"line":57,"column":90}}},"6":{"name":"(anonymous_6)","line":59,"loc":{"start":{"line":59,"column":29},"end":{"line":59,"column":45}}},"7":{"name":"(anonymous_7)","line":63,"loc":{"start":{"line":63,"column":37},"end":{"line":63,"column":53}}},"8":{"name":"(anonymous_8)","line":74,"loc":{"start":{"line":74,"column":63},"end":{"line":74,"column":79}}},"9":{"name":"(anonymous_9)","line":75,"loc":{"start":{"line":75,"column":21},"end":{"line":75,"column":42}}},"10":{"name":"(anonymous_10)","line":83,"loc":{"start":{"line":83,"column":65},"end":{"line":83,"column":81}}},"11":{"name":"(anonymous_11)","line":84,"loc":{"start":{"line":84,"column":25},"end":{"line":84,"column":47}}},"12":{"name":"(anonymous_12)","line":92,"loc":{"start":{"line":92,"column":57},"end":{"line":92,"column":73}}},"13":{"name":"(anonymous_13)","line":93,"loc":{"start":{"line":93,"column":21},"end":{"line":93,"column":42}}},"14":{"name":"(anonymous_14)","line":102,"loc":{"start":{"line":102,"column":31},"end":{"line":102,"column":47}}},"15":{"name":"(anonymous_15)","line":103,"loc":{"start":{"line":103,"column":28},"end":{"line":103,"column":40}}}},"statementMap":{"1":{"start":{"line":4,"column":0},"end":{"line":4,"column":34}},"2":{"start":{"line":5,"column":0},"end":{"line":5,"column":40}},"3":{"start":{"line":7,"column":0},"end":{"line":7,"column":39}},"4":{"start":{"line":8,"column":0},"end":{"line":8,"column":44}},"5":{"start":{"line":10,"column":0},"end":{"line":17,"column":2}},"6":{"start":{"line":19,"column":0},"end":{"line":26,"column":2}},"7":{"start":{"line":28,"column":0},"end":{"line":35,"column":2}},"8":{"start":{"line":38,"column":0},"end":{"line":108,"column":3}},"9":{"start":{"line":40,"column":4},"end":{"line":55,"column":7}},"10":{"start":{"line":41,"column":8},"end":{"line":41,"column":65}},"11":{"start":{"line":42,"column":8},"end":{"line":54,"column":11}},"12":{"start":{"line":43,"column":12},"end":{"line":43,"column":30}},"13":{"start":{"line":44,"column":12},"end":{"line":52,"column":13}},"14":{"start":{"line":46,"column":16},"end":{"line":48,"column":19}},"15":{"start":{"line":47,"column":20},"end":{"line":47,"column":62}},"16":{"start":{"line":51,"column":16},"end":{"line":51,"column":58}},"17":{"start":{"line":53,"column":12},"end":{"line":53,"column":19}},"18":{"start":{"line":57,"column":4},"end":{"line":72,"column":7}},"19":{"start":{"line":58,"column":8},"end":{"line":58,"column":65}},"20":{"start":{"line":59,"column":8},"end":{"line":71,"column":11}},"21":{"start":{"line":60,"column":12},"end":{"line":60,"column":30}},"22":{"start":{"line":61,"column":12},"end":{"line":69,"column":13}},"23":{"start":{"line":63,"column":16},"end":{"line":65,"column":19}},"24":{"start":{"line":64,"column":20},"end":{"line":64,"column":62}},"25":{"start":{"line":68,"column":16},"end":{"line":68,"column":58}},"26":{"start":{"line":70,"column":12},"end":{"line":70,"column":19}},"27":{"start":{"line":74,"column":4},"end":{"line":81,"column":7}},"28":{"start":{"line":75,"column":8},"end":{"line":79,"column":41}},"29":{"start":{"line":76,"column":12},"end":{"line":76,"column":39}},"30":{"start":{"line":77,"column":12},"end":{"line":77,"column":59}},"31":{"start":{"line":78,"column":12},"end":{"line":78,"column":19}},"32":{"start":{"line":83,"column":4},"end":{"line":90,"column":7}},"33":{"start":{"line":84,"column":8},"end":{"line":88,"column":41}},"34":{"start":{"line":85,"column":12},"end":{"line":85,"column":39}},"35":{"start":{"line":86,"column":12},"end":{"line":86,"column":63}},"36":{"start":{"line":87,"column":12},"end":{"line":87,"column":19}},"37":{"start":{"line":92,"column":4},"end":{"line":100,"column":7}},"38":{"start":{"line":93,"column":8},"end":{"line":98,"column":41}},"39":{"start":{"line":95,"column":12},"end":{"line":95,"column":40}},"40":{"start":{"line":96,"column":12},"end":{"line":96,"column":62}},"41":{"start":{"line":97,"column":12},"end":{"line":97,"column":19}},"42":{"start":{"line":102,"column":4},"end":{"line":106,"column":7}},"43":{"start":{"line":103,"column":8},"end":{"line":105,"column":11}},"44":{"start":{"line":104,"column":12},"end":{"line":104,"column":19}}},"branchMap":{"1":{"line":44,"type":"if","locations":[{"start":{"line":44,"column":12},"end":{"line":44,"column":12}},{"start":{"line":44,"column":12},"end":{"line":44,"column":12}}]},"2":{"line":61,"type":"if","locations":[{"start":{"line":61,"column":12},"end":{"line":61,"column":12}},{"start":{"line":61,"column":12},"end":{"line":61,"column":12}}]}}},"/Users/guoqing/Downloads/s17-ESN-SV2-master 3/models/user.js":{"path":"/Users/guoqing/Downloads/s17-ESN-SV2-master 3/models/user.js","s":{"1":1,"2":1,"3":1,"4":1,"5":1,"6":1,"7":1,"8":1,"9":8,"10":8,"11":1,"12":16,"13":16,"14":16,"15":16,"16":16,"17":16,"18":16,"19":0,"20":16,"21":8,"22":8,"23":0,"24":8,"25":8,"26":0,"27":8,"28":8,"29":8,"30":8,"31":0,"32":8,"33":0,"34":8,"35":8,"36":0,"37":0,"38":1,"39":1,"40":1,"41":1,"42":1,"43":1,"44":2,"45":0,"46":2,"47":2,"48":1,"49":0,"50":0,"51":0,"52":0,"53":0,"54":0,"55":0,"56":1,"57":1,"58":2,"59":2,"60":2,"61":2,"62":2,"63":0,"64":2,"65":1,"66":1,"67":1,"68":0,"69":0,"70":1},"b":{"1":[16,0],"2":[0,16],"3":[8,8],"4":[0,8],"5":[0,8],"6":[8,0],"7":[0,8],"8":[0,8],"9":[8,0],"10":[0,0],"11":[1,0],"12":[0,2],"13":[2,0],"14":[0,0],"15":[0,0],"16":[0,0],"17":[2,0],"18":[0,2],"19":[1,1],"20":[1,0],"21":[0,0]},"f":{"1":8,"2":16,"3":16,"4":16,"5":8,"6":8,"7":8,"8":1,"9":2,"10":1,"11":0,"12":1,"13":2,"14":2},"fnMap":{"1":{"name":"(anonymous_1)","line":12,"loc":{"start":{"line":12,"column":11},"end":{"line":12,"column":40}}},"2":{"name":"(anonymous_2)","line":17,"loc":{"start":{"line":17,"column":28},"end":{"line":17,"column":47}}},"3":{"name":"(anonymous_3)","line":22,"loc":{"start":{"line":22,"column":17},"end":{"line":22,"column":29}}},"4":{"name":"(anonymous_4)","line":24,"loc":{"start":{"line":24,"column":12},"end":{"line":24,"column":35}}},"5":{"name":"(anonymous_5)","line":29,"loc":{"start":{"line":29,"column":24},"end":{"line":29,"column":41}}},"6":{"name":"(anonymous_6)","line":34,"loc":{"start":{"line":34,"column":36},"end":{"line":34,"column":52}}},"7":{"name":"(anonymous_7)","line":47,"loc":{"start":{"line":47,"column":24},"end":{"line":47,"column":47}}},"8":{"name":"(anonymous_8)","line":67,"loc":{"start":{"line":67,"column":19},"end":{"line":67,"column":48}}},"9":{"name":"(anonymous_9)","line":73,"loc":{"start":{"line":73,"column":8},"end":{"line":73,"column":30}}},"10":{"name":"(anonymous_10)","line":90,"loc":{"start":{"line":90,"column":11},"end":{"line":90,"column":23}}},"11":{"name":"(anonymous_11)","line":91,"loc":{"start":{"line":91,"column":76},"end":{"line":91,"column":97}}},"12":{"name":"(anonymous_12)","line":103,"loc":{"start":{"line":103,"column":15},"end":{"line":103,"column":27}}},"13":{"name":"(anonymous_13)","line":110,"loc":{"start":{"line":110,"column":15},"end":{"line":110,"column":44}}},"14":{"name":"(anonymous_14)","line":115,"loc":{"start":{"line":115,"column":8},"end":{"line":115,"column":31}}}},"statementMap":{"1":{"start":{"line":3,"column":0},"end":{"line":3,"column":32}},"2":{"start":{"line":4,"column":0},"end":{"line":4,"column":41}},"3":{"start":{"line":5,"column":0},"end":{"line":5,"column":45}},"4":{"start":{"line":6,"column":0},"end":{"line":6,"column":61}},"5":{"start":{"line":7,"column":0},"end":{"line":7,"column":40}},"6":{"start":{"line":8,"column":0},"end":{"line":8,"column":44}},"7":{"start":{"line":10,"column":0},"end":{"line":10,"column":52}},"8":{"start":{"line":12,"column":0},"end":{"line":15,"column":2}},"9":{"start":{"line":13,"column":4},"end":{"line":13,"column":29}},"10":{"start":{"line":14,"column":4},"end":{"line":14,"column":29}},"11":{"start":{"line":17,"column":0},"end":{"line":65,"column":2}},"12":{"start":{"line":18,"column":4},"end":{"line":18,"column":33}},"13":{"start":{"line":19,"column":4},"end":{"line":19,"column":33}},"14":{"start":{"line":20,"column":4},"end":{"line":21,"column":78}},"15":{"start":{"line":21,"column":8},"end":{"line":21,"column":78}},"16":{"start":{"line":22,"column":4},"end":{"line":64,"column":7}},"17":{"start":{"line":23,"column":8},"end":{"line":63,"column":10}},"18":{"start":{"line":25,"column":16},"end":{"line":61,"column":17}},"19":{"start":{"line":26,"column":20},"end":{"line":26,"column":42}},"20":{"start":{"line":27,"column":23},"end":{"line":61,"column":17}},"21":{"start":{"line":28,"column":20},"end":{"line":44,"column":22}},"22":{"start":{"line":30,"column":28},"end":{"line":42,"column":29}},"23":{"start":{"line":31,"column":32},"end":{"line":31,"column":54}},"24":{"start":{"line":33,"column":32},"end":{"line":41,"column":34}},"25":{"start":{"line":35,"column":40},"end":{"line":39,"column":41}},"26":{"start":{"line":36,"column":44},"end":{"line":36,"column":66}},"27":{"start":{"line":38,"column":44},"end":{"line":38,"column":84}},"28":{"start":{"line":45,"column":23},"end":{"line":61,"column":17}},"29":{"start":{"line":46,"column":20},"end":{"line":57,"column":22}},"30":{"start":{"line":48,"column":28},"end":{"line":55,"column":29}},"31":{"start":{"line":49,"column":32},"end":{"line":49,"column":54}},"32":{"start":{"line":50,"column":33},"end":{"line":55,"column":29}},"33":{"start":{"line":51,"column":32},"end":{"line":51,"column":72}},"34":{"start":{"line":53,"column":33},"end":{"line":55,"column":29}},"35":{"start":{"line":54,"column":32},"end":{"line":54,"column":72}},"36":{"start":{"line":59,"column":23},"end":{"line":61,"column":17}},"37":{"start":{"line":60,"column":20},"end":{"line":60,"column":115}},"38":{"start":{"line":67,"column":0},"end":{"line":108,"column":2}},"39":{"start":{"line":68,"column":4},"end":{"line":69,"column":50}},"40":{"start":{"line":69,"column":8},"end":{"line":69,"column":50}},"41":{"start":{"line":70,"column":4},"end":{"line":70,"column":40}},"42":{"start":{"line":71,"column":4},"end":{"line":71,"column":19}},"43":{"start":{"line":72,"column":4},"end":{"line":107,"column":6}},"44":{"start":{"line":74,"column":12},"end":{"line":89,"column":13}},"45":{"start":{"line":75,"column":16},"end":{"line":75,"column":38}},"46":{"start":{"line":76,"column":19},"end":{"line":89,"column":13}},"47":{"start":{"line":77,"column":16},"end":{"line":88,"column":19}},"48":{"start":{"line":91,"column":12},"end":{"line":105,"column":15}},"49":{"start":{"line":92,"column":16},"end":{"line":102,"column":17}},"50":{"start":{"line":93,"column":20},"end":{"line":93,"column":42}},"51":{"start":{"line":95,"column":21},"end":{"line":102,"column":17}},"52":{"start":{"line":96,"column":20},"end":{"line":101,"column":21}},"53":{"start":{"line":97,"column":24},"end":{"line":100,"column":25}},"54":{"start":{"line":98,"column":28},"end":{"line":98,"column":57}},"55":{"start":{"line":99,"column":28},"end":{"line":99,"column":34}},"56":{"start":{"line":104,"column":16},"end":{"line":104,"column":38}},"57":{"start":{"line":110,"column":0},"end":{"line":127,"column":2}},"58":{"start":{"line":111,"column":4},"end":{"line":111,"column":40}},"59":{"start":{"line":112,"column":4},"end":{"line":113,"column":58}},"60":{"start":{"line":113,"column":8},"end":{"line":113,"column":58}},"61":{"start":{"line":114,"column":4},"end":{"line":126,"column":6}},"62":{"start":{"line":116,"column":12},"end":{"line":124,"column":13}},"63":{"start":{"line":117,"column":16},"end":{"line":117,"column":38}},"64":{"start":{"line":118,"column":19},"end":{"line":124,"column":13}},"65":{"start":{"line":119,"column":16},"end":{"line":119,"column":82}},"66":{"start":{"line":120,"column":19},"end":{"line":124,"column":13}},"67":{"start":{"line":121,"column":16},"end":{"line":121,"column":40}},"68":{"start":{"line":122,"column":19},"end":{"line":124,"column":13}},"69":{"start":{"line":123,"column":16},"end":{"line":123,"column":111}},"70":{"start":{"line":129,"column":0},"end":{"line":129,"column":22}}},"branchMap":{"1":{"line":20,"type":"if","locations":[{"start":{"line":20,"column":4},"end":{"line":20,"column":4}},{"start":{"line":20,"column":4},"end":{"line":20,"column":4}}]},"2":{"line":25,"type":"if","locations":[{"start":{"line":25,"column":16},"end":{"line":25,"column":16}},{"start":{"line":25,"column":16},"end":{"line":25,"column":16}}]},"3":{"line":27,"type":"if","locations":[{"start":{"line":27,"column":23},"end":{"line":27,"column":23}},{"start":{"line":27,"column":23},"end":{"line":27,"column":23}}]},"4":{"line":30,"type":"if","locations":[{"start":{"line":30,"column":28},"end":{"line":30,"column":28}},{"start":{"line":30,"column":28},"end":{"line":30,"column":28}}]},"5":{"line":35,"type":"if","locations":[{"start":{"line":35,"column":40},"end":{"line":35,"column":40}},{"start":{"line":35,"column":40},"end":{"line":35,"column":40}}]},"6":{"line":45,"type":"if","locations":[{"start":{"line":45,"column":23},"end":{"line":45,"column":23}},{"start":{"line":45,"column":23},"end":{"line":45,"column":23}}]},"7":{"line":48,"type":"if","locations":[{"start":{"line":48,"column":28},"end":{"line":48,"column":28}},{"start":{"line":48,"column":28},"end":{"line":48,"column":28}}]},"8":{"line":50,"type":"if","locations":[{"start":{"line":50,"column":33},"end":{"line":50,"column":33}},{"start":{"line":50,"column":33},"end":{"line":50,"column":33}}]},"9":{"line":53,"type":"if","locations":[{"start":{"line":53,"column":33},"end":{"line":53,"column":33}},{"start":{"line":53,"column":33},"end":{"line":53,"column":33}}]},"10":{"line":59,"type":"if","locations":[{"start":{"line":59,"column":23},"end":{"line":59,"column":23}},{"start":{"line":59,"column":23},"end":{"line":59,"column":23}}]},"11":{"line":68,"type":"if","locations":[{"start":{"line":68,"column":4},"end":{"line":68,"column":4}},{"start":{"line":68,"column":4},"end":{"line":68,"column":4}}]},"12":{"line":74,"type":"if","locations":[{"start":{"line":74,"column":12},"end":{"line":74,"column":12}},{"start":{"line":74,"column":12},"end":{"line":74,"column":12}}]},"13":{"line":76,"type":"if","locations":[{"start":{"line":76,"column":19},"end":{"line":76,"column":19}},{"start":{"line":76,"column":19},"end":{"line":76,"column":19}}]},"14":{"line":92,"type":"if","locations":[{"start":{"line":92,"column":16},"end":{"line":92,"column":16}},{"start":{"line":92,"column":16},"end":{"line":92,"column":16}}]},"15":{"line":95,"type":"if","locations":[{"start":{"line":95,"column":21},"end":{"line":95,"column":21}},{"start":{"line":95,"column":21},"end":{"line":95,"column":21}}]},"16":{"line":97,"type":"if","locations":[{"start":{"line":97,"column":24},"end":{"line":97,"column":24}},{"start":{"line":97,"column":24},"end":{"line":97,"column":24}}]},"17":{"line":112,"type":"if","locations":[{"start":{"line":112,"column":4},"end":{"line":112,"column":4}},{"start":{"line":112,"column":4},"end":{"line":112,"column":4}}]},"18":{"line":116,"type":"if","locations":[{"start":{"line":116,"column":12},"end":{"line":116,"column":12}},{"start":{"line":116,"column":12},"end":{"line":116,"column":12}}]},"19":{"line":118,"type":"if","locations":[{"start":{"line":118,"column":19},"end":{"line":118,"column":19}},{"start":{"line":118,"column":19},"end":{"line":118,"column":19}}]},"20":{"line":120,"type":"if","locations":[{"start":{"line":120,"column":19},"end":{"line":120,"column":19}},{"start":{"line":120,"column":19},"end":{"line":120,"column":19}}]},"21":{"line":122,"type":"if","locations":[{"start":{"line":122,"column":19},"end":{"line":122,"column":19}},{"start":{"line":122,"column":19},"end":{"line":122,"column":19}}]}}},"/Users/guoqing/Downloads/s17-ESN-SV2-master 3/db/db.js":{"path":"/Users/guoqing/Downloads/s17-ESN-SV2-master 3/db/db.js","s":{"1":1,"2":1,"3":1,"4":1,"5":0,"6":1,"7":1},"b":{"1":[1,0]},"f":{},"fnMap":{},"statementMap":{"1":{"start":{"line":3,"column":0},"end":{"line":3,"column":44}},"2":{"start":{"line":5,"column":0},"end":{"line":5,"column":17}},"3":{"start":{"line":7,"column":0},"end":{"line":10,"column":43}},"4":{"start":{"line":8,"column":4},"end":{"line":8,"column":44}},"5":{"start":{"line":10,"column":4},"end":{"line":10,"column":43}},"6":{"start":{"line":12,"column":0},"end":{"line":12,"column":35}},"7":{"start":{"line":14,"column":0},"end":{"line":14,"column":41}}},"branchMap":{"1":{"line":7,"type":"if","locations":[{"start":{"line":7,"column":0},"end":{"line":7,"column":0}},{"start":{"line":7,"column":0},"end":{"line":7,"column":0}}]}}},"/Users/guoqing/Downloads/s17-ESN-SV2-master 3/config/global.js":{"path":"/Users/guoqing/Downloads/s17-ESN-SV2-master 3/config/global.js","s":{"1":1,"2":1,"3":1,"4":1,"5":1},"b":{},"f":{},"fnMap":{},"statementMap":{"1":{"start":{"line":3,"column":0},"end":{"line":3,"column":27}},"2":{"start":{"line":5,"column":0},"end":{"line":14,"column":2}},"3":{"start":{"line":16,"column":0},"end":{"line":21,"column":2}},"4":{"start":{"line":23,"column":0},"end":{"line":27,"column":2}},"5":{"start":{"line":29,"column":0},"end":{"line":33,"column":1}}},"branchMap":{}},"/Users/guoqing/Downloads/s17-ESN-SV2-master 3/db/init_db.js":{"path":"/Users/guoqing/Downloads/s17-ESN-SV2-master 3/db/init_db.js","s":{"1":1,"2":1,"3":1,"4":1,"5":1,"6":1,"7":1,"8":1,"9":1,"10":1,"11":1,"12":1,"13":1,"14":1,"15":1,"16":1,"17":1,"18":1,"19":1,"20":0,"21":0,"22":0,"23":1,"24":6,"25":6,"26":6,"27":6,"28":6,"29":6,"30":6,"31":6,"32":6,"33":6,"34":6,"35":1,"36":7,"37":7,"38":7,"39":7,"40":7,"41":7,"42":7,"43":7,"44":7},"b":{"1":[1,0],"2":[1,1],"3":[0,0],"4":[6,0]},"f":{"1":1,"2":1,"3":0,"4":6,"5":6,"6":7,"7":7},"fnMap":{"1":{"name":"(anonymous_1)","line":18,"loc":{"start":{"line":18,"column":12},"end":{"line":18,"column":30}}},"2":{"name":"(anonymous_2)","line":26,"loc":{"start":{"line":26,"column":39},"end":{"line":26,"column":49}}},"3":{"name":"(anonymous_3)","line":30,"loc":{"start":{"line":30,"column":39},"end":{"line":30,"column":49}}},"4":{"name":"(anonymous_4)","line":35,"loc":{"start":{"line":35,"column":17},"end":{"line":35,"column":36}}},"5":{"name":"(anonymous_5)","line":38,"loc":{"start":{"line":38,"column":25},"end":{"line":38,"column":36}}},"6":{"name":"createDBAndTables","line":53,"loc":{"start":{"line":53,"column":0},"end":{"line":53,"column":41}}},"7":{"name":"(anonymous_7)","line":54,"loc":{"start":{"line":54,"column":17},"end":{"line":54,"column":28}}}},"statementMap":{"1":{"start":{"line":3,"column":0},"end":{"line":3,"column":23}},"2":{"start":{"line":4,"column":0},"end":{"line":4,"column":43}},"3":{"start":{"line":5,"column":0},"end":{"line":5,"column":44}},"4":{"start":{"line":7,"column":0},"end":{"line":7,"column":41}},"5":{"start":{"line":8,"column":0},"end":{"line":8,"column":47}},"6":{"start":{"line":9,"column":0},"end":{"line":9,"column":57}},"7":{"start":{"line":10,"column":0},"end":{"line":10,"column":45}},"8":{"start":{"line":11,"column":0},"end":{"line":11,"column":61}},"9":{"start":{"line":12,"column":0},"end":{"line":12,"column":57}},"10":{"start":{"line":14,"column":0},"end":{"line":14,"column":63}},"11":{"start":{"line":16,"column":0},"end":{"line":51,"column":2}},"12":{"start":{"line":19,"column":8},"end":{"line":19,"column":54}},"13":{"start":{"line":20,"column":8},"end":{"line":20,"column":47}},"14":{"start":{"line":21,"column":8},"end":{"line":21,"column":44}},"15":{"start":{"line":22,"column":8},"end":{"line":31,"column":9}},"16":{"start":{"line":23,"column":12},"end":{"line":23,"column":35}},"17":{"start":{"line":24,"column":12},"end":{"line":24,"column":51}},"18":{"start":{"line":25,"column":12},"end":{"line":25,"column":47}},"19":{"start":{"line":26,"column":12},"end":{"line":26,"column":53}},"20":{"start":{"line":28,"column":13},"end":{"line":31,"column":9}},"21":{"start":{"line":29,"column":12},"end":{"line":29,"column":47}},"22":{"start":{"line":30,"column":12},"end":{"line":30,"column":53}},"23":{"start":{"line":32,"column":8},"end":{"line":32,"column":18}},"24":{"start":{"line":36,"column":8},"end":{"line":48,"column":9}},"25":{"start":{"line":37,"column":12},"end":{"line":37,"column":73}},"26":{"start":{"line":38,"column":12},"end":{"line":47,"column":15}},"27":{"start":{"line":39,"column":16},"end":{"line":39,"column":55}},"28":{"start":{"line":40,"column":16},"end":{"line":40,"column":47}},"29":{"start":{"line":41,"column":16},"end":{"line":41,"column":53}},"30":{"start":{"line":42,"column":16},"end":{"line":42,"column":53}},"31":{"start":{"line":43,"column":16},"end":{"line":43,"column":48}},"32":{"start":{"line":44,"column":16},"end":{"line":44,"column":45}},"33":{"start":{"line":45,"column":16},"end":{"line":45,"column":48}},"34":{"start":{"line":46,"column":16},"end":{"line":46,"column":59}},"35":{"start":{"line":53,"column":0},"end":{"line":64,"column":1}},"36":{"start":{"line":54,"column":4},"end":{"line":61,"column":7}},"37":{"start":{"line":55,"column":8},"end":{"line":55,"column":39}},"38":{"start":{"line":56,"column":8},"end":{"line":56,"column":42}},"39":{"start":{"line":57,"column":8},"end":{"line":57,"column":47}},"40":{"start":{"line":58,"column":8},"end":{"line":58,"column":47}},"41":{"start":{"line":59,"column":8},"end":{"line":59,"column":41}},"42":{"start":{"line":60,"column":8},"end":{"line":60,"column":59}},"43":{"start":{"line":62,"column":4},"end":{"line":62,"column":52}},"44":{"start":{"line":63,"column":4},"end":{"line":63,"column":14}}},"branchMap":{"1":{"line":22,"type":"if","locations":[{"start":{"line":22,"column":8},"end":{"line":22,"column":8}},{"start":{"line":22,"column":8},"end":{"line":22,"column":8}}]},"2":{"line":22,"type":"binary-expr","locations":[{"start":{"line":22,"column":12},"end":{"line":22,"column":18}},{"start":{"line":22,"column":22},"end":{"line":22,"column":40}}]},"3":{"line":28,"type":"if","locations":[{"start":{"line":28,"column":13},"end":{"line":28,"column":13}},{"start":{"line":28,"column":13},"end":{"line":28,"column":13}}]},"4":{"line":36,"type":"if","locations":[{"start":{"line":36,"column":8},"end":{"line":36,"column":8}},{"start":{"line":36,"column":8},"end":{"line":36,"column":8}}]}}},"/Users/guoqing/Downloads/s17-ESN-SV2-master 3/db/sql_user.js":{"path":"/Users/guoqing/Downloads/s17-ESN-SV2-master 3/db/sql_user.js","s":{"1":1,"2":7,"3":7,"4":6,"5":6,"6":1,"7":1,"8":0,"9":0,"10":40,"11":40,"12":8,"13":8,"14":8,"15":8,"16":0,"17":0,"18":0,"19":0},"b":{},"f":{"1":7,"2":6,"3":1,"4":0,"5":40,"6":8,"7":8,"8":0,"9":0},"fnMap":{"1":{"name":"(anonymous_1)","line":20,"loc":{"start":{"line":20,"column":17},"end":{"line":20,"column":28}}},"2":{"name":"(anonymous_2)","line":32,"loc":{"start":{"line":32,"column":15},"end":{"line":32,"column":26}}},"3":{"name":"(anonymous_3)","line":37,"loc":{"start":{"line":37,"column":17},"end":{"line":37,"column":29}}},"4":{"name":"(anonymous_4)","line":42,"loc":{"start":{"line":42,"column":21},"end":{"line":42,"column":40}}},"5":{"name":"(anonymous_5)","line":47,"loc":{"start":{"line":47,"column":13},"end":{"line":47,"column":25}}},"6":{"name":"(anonymous_6)","line":52,"loc":{"start":{"line":52,"column":16},"end":{"line":52,"column":28}}},"7":{"name":"(anonymous_7)","line":57,"loc":{"start":{"line":57,"column":30},"end":{"line":57,"column":42}}},"8":{"name":"(anonymous_8)","line":62,"loc":{"start":{"line":62,"column":22},"end":{"line":62,"column":34}}},"9":{"name":"(anonymous_9)","line":67,"loc":{"start":{"line":67,"column":23},"end":{"line":67,"column":35}}}},"statementMap":{"1":{"start":{"line":3,"column":0},"end":{"line":71,"column":2}},"2":{"start":{"line":21,"column":8},"end":{"line":28,"column":17}},"3":{"start":{"line":29,"column":8},"end":{"line":29,"column":19}},"4":{"start":{"line":33,"column":8},"end":{"line":33,"column":47}},"5":{"start":{"line":34,"column":8},"end":{"line":34,"column":19}},"6":{"start":{"line":38,"column":8},"end":{"line":38,"column":200}},"7":{"start":{"line":39,"column":8},"end":{"line":39,"column":19}},"8":{"start":{"line":43,"column":8},"end":{"line":43,"column":143}},"9":{"start":{"line":44,"column":8},"end":{"line":44,"column":19}},"10":{"start":{"line":48,"column":8},"end":{"line":48,"column":59}},"11":{"start":{"line":49,"column":8},"end":{"line":49,"column":19}},"12":{"start":{"line":53,"column":8},"end":{"line":53,"column":121}},"13":{"start":{"line":54,"column":8},"end":{"line":54,"column":19}},"14":{"start":{"line":58,"column":8},"end":{"line":58,"column":76}},"15":{"start":{"line":59,"column":8},"end":{"line":59,"column":19}},"16":{"start":{"line":63,"column":8},"end":{"line":63,"column":73}},"17":{"start":{"line":64,"column":8},"end":{"line":64,"column":19}},"18":{"start":{"line":68,"column":8},"end":{"line":68,"column":73}},"19":{"start":{"line":69,"column":8},"end":{"line":69,"column":19}}},"branchMap":{}},"/Users/guoqing/Downloads/s17-ESN-SV2-master 3/db/sql_message.js":{"path":"/Users/guoqing/Downloads/s17-ESN-SV2-master 3/db/sql_message.js","s":{"1":1,"2":7,"3":7,"4":6,"5":6,"6":1,"7":1,"8":1,"9":1,"10":1,"11":1},"b":{},"f":{"1":7,"2":6,"3":1,"4":1,"5":1},"fnMap":{"1":{"name":"(anonymous_1)","line":14,"loc":{"start":{"line":14,"column":17},"end":{"line":14,"column":28}}},"2":{"name":"(anonymous_2)","line":27,"loc":{"start":{"line":27,"column":15},"end":{"line":27,"column":26}}},"3":{"name":"(anonymous_3)","line":32,"loc":{"start":{"line":32,"column":26},"end":{"line":32,"column":38}}},"4":{"name":"(anonymous_4)","line":37,"loc":{"start":{"line":37,"column":19},"end":{"line":37,"column":30}}},"5":{"name":"(anonymous_5)","line":42,"loc":{"start":{"line":42,"column":22},"end":{"line":42,"column":34}}}},"statementMap":{"1":{"start":{"line":3,"column":0},"end":{"line":47,"column":2}},"2":{"start":{"line":15,"column":8},"end":{"line":23,"column":17}},"3":{"start":{"line":24,"column":8},"end":{"line":24,"column":19}},"4":{"start":{"line":28,"column":8},"end":{"line":28,"column":50}},"5":{"start":{"line":29,"column":8},"end":{"line":29,"column":19}},"6":{"start":{"line":33,"column":8},"end":{"line":33,"column":149}},"7":{"start":{"line":34,"column":8},"end":{"line":34,"column":19}},"8":{"start":{"line":38,"column":8},"end":{"line":38,"column":238}},"9":{"start":{"line":39,"column":8},"end":{"line":39,"column":19}},"10":{"start":{"line":43,"column":8},"end":{"line":43,"column":166}},"11":{"start":{"line":44,"column":8},"end":{"line":44,"column":19}}},"branchMap":{}},"/Users/guoqing/Downloads/s17-ESN-SV2-master 3/db/sql_announcement.js":{"path":"/Users/guoqing/Downloads/s17-ESN-SV2-master 3/db/sql_announcement.js","s":{"1":1,"2":7,"3":7,"4":6,"5":6,"6":1,"7":1,"8":1,"9":1},"b":{},"f":{"1":7,"2":6,"3":1,"4":1},"fnMap":{"1":{"name":"(anonymous_1)","line":13,"loc":{"start":{"line":13,"column":17},"end":{"line":13,"column":28}}},"2":{"name":"(anonymous_2)","line":25,"loc":{"start":{"line":25,"column":15},"end":{"line":25,"column":26}}},"3":{"name":"(anonymous_3)","line":30,"loc":{"start":{"line":30,"column":25},"end":{"line":30,"column":37}}},"4":{"name":"(anonymous_4)","line":35,"loc":{"start":{"line":35,"column":24},"end":{"line":35,"column":35}}}},"statementMap":{"1":{"start":{"line":3,"column":0},"end":{"line":40,"column":2}},"2":{"start":{"line":14,"column":8},"end":{"line":21,"column":17}},"3":{"start":{"line":22,"column":8},"end":{"line":22,"column":19}},"4":{"start":{"line":26,"column":8},"end":{"line":26,"column":55}},"5":{"start":{"line":27,"column":8},"end":{"line":27,"column":19}},"6":{"start":{"line":31,"column":8},"end":{"line":31,"column":146}},"7":{"start":{"line":32,"column":8},"end":{"line":32,"column":19}},"8":{"start":{"line":36,"column":8},"end":{"line":36,"column":143}},"9":{"start":{"line":37,"column":8},"end":{"line":37,"column":19}}},"branchMap":{}},"/Users/guoqing/Downloads/s17-ESN-SV2-master 3/db/sql_status.js":{"path":"/Users/guoqing/Downloads/s17-ESN-SV2-master 3/db/sql_status.js","s":{"1":1,"2":7,"3":7,"4":6,"5":6,"6":8,"7":8,"8":1,"9":1,"10":2,"11":2},"b":{},"f":{"1":7,"2":6,"3":8,"4":1,"5":2},"fnMap":{"1":{"name":"(anonymous_1)","line":17,"loc":{"start":{"line":17,"column":17},"end":{"line":17,"column":28}}},"2":{"name":"(anonymous_2)","line":29,"loc":{"start":{"line":29,"column":15},"end":{"line":29,"column":26}}},"3":{"name":"(anonymous_3)","line":34,"loc":{"start":{"line":34,"column":18},"end":{"line":34,"column":29}}},"4":{"name":"(anonymous_4)","line":39,"loc":{"start":{"line":39,"column":18},"end":{"line":39,"column":29}}},"5":{"name":"(anonymous_5)","line":47,"loc":{"start":{"line":47,"column":15},"end":{"line":47,"column":27}}}},"statementMap":{"1":{"start":{"line":3,"column":0},"end":{"line":52,"column":2}},"2":{"start":{"line":18,"column":8},"end":{"line":25,"column":17}},"3":{"start":{"line":26,"column":8},"end":{"line":26,"column":19}},"4":{"start":{"line":30,"column":8},"end":{"line":30,"column":49}},"5":{"start":{"line":31,"column":8},"end":{"line":31,"column":19}},"6":{"start":{"line":35,"column":8},"end":{"line":35,"column":141}},"7":{"start":{"line":36,"column":8},"end":{"line":36,"column":19}},"8":{"start":{"line":40,"column":8},"end":{"line":43,"column":75}},"9":{"start":{"line":44,"column":8},"end":{"line":44,"column":19}},"10":{"start":{"line":48,"column":8},"end":{"line":48,"column":136}},"11":{"start":{"line":49,"column":8},"end":{"line":49,"column":19}}},"branchMap":{}},"/Users/guoqing/Downloads/s17-ESN-SV2-master 3/db/sql_privateMessage.js":{"path":"/Users/guoqing/Downloads/s17-ESN-SV2-master 3/db/sql_privateMessage.js","s":{"1":1,"2":7,"3":7,"4":6,"5":6,"6":1,"7":1,"8":1,"9":1,"10":1,"11":1,"12":1,"13":1},"b":{},"f":{"1":7,"2":6,"3":1,"4":1,"5":1,"6":1},"fnMap":{"1":{"name":"(anonymous_1)","line":18,"loc":{"start":{"line":18,"column":17},"end":{"line":18,"column":28}}},"2":{"name":"(anonymous_2)","line":34,"loc":{"start":{"line":34,"column":15},"end":{"line":34,"column":26}}},"3":{"name":"(anonymous_3)","line":39,"loc":{"start":{"line":39,"column":26},"end":{"line":39,"column":37}}},"4":{"name":"(anonymous_4)","line":44,"loc":{"start":{"line":44,"column":42},"end":{"line":44,"column":53}}},"5":{"name":"(anonymous_5)","line":49,"loc":{"start":{"line":49,"column":27},"end":{"line":49,"column":38}}},"6":{"name":"(anonymous_6)","line":54,"loc":{"start":{"line":54,"column":25},"end":{"line":54,"column":36}}}},"statementMap":{"1":{"start":{"line":3,"column":0},"end":{"line":59,"column":2}},"2":{"start":{"line":19,"column":8},"end":{"line":30,"column":17}},"3":{"start":{"line":31,"column":8},"end":{"line":31,"column":19}},"4":{"start":{"line":35,"column":8},"end":{"line":35,"column":57}},"5":{"start":{"line":36,"column":8},"end":{"line":36,"column":19}},"6":{"start":{"line":40,"column":8},"end":{"line":40,"column":312}},"7":{"start":{"line":41,"column":8},"end":{"line":41,"column":19}},"8":{"start":{"line":45,"column":8},"end":{"line":45,"column":509}},"9":{"start":{"line":46,"column":8},"end":{"line":46,"column":19}},"10":{"start":{"line":50,"column":8},"end":{"line":50,"column":233}},"11":{"start":{"line":51,"column":8},"end":{"line":51,"column":19}},"12":{"start":{"line":55,"column":8},"end":{"line":55,"column":173}},"13":{"start":{"line":56,"column":8},"end":{"line":56,"column":19}}},"branchMap":{}},"/Users/guoqing/Downloads/s17-ESN-SV2-master 3/db/sql_notification.js":{"path":"/Users/guoqing/Downloads/s17-ESN-SV2-master 3/db/sql_notification.js","s":{"1":1,"2":7,"3":7,"4":6,"5":6,"6":1,"7":1,"8":1,"9":1},"b":{},"f":{"1":7,"2":6,"3":1,"4":1},"fnMap":{"1":{"name":"(anonymous_1)","line":11,"loc":{"start":{"line":11,"column":17},"end":{"line":11,"column":28}}},"2":{"name":"(anonymous_2)","line":23,"loc":{"start":{"line":23,"column":15},"end":{"line":23,"column":26}}},"3":{"name":"(anonymous_3)","line":28,"loc":{"start":{"line":28,"column":22},"end":{"line":28,"column":34}}},"4":{"name":"(anonymous_4)","line":33,"loc":{"start":{"line":33,"column":24},"end":{"line":33,"column":35}}}},"statementMap":{"1":{"start":{"line":1,"column":0},"end":{"line":38,"column":2}},"2":{"start":{"line":12,"column":8},"end":{"line":19,"column":17}},"3":{"start":{"line":20,"column":8},"end":{"line":20,"column":19}},"4":{"start":{"line":24,"column":8},"end":{"line":24,"column":55}},"5":{"start":{"line":25,"column":8},"end":{"line":25,"column":19}},"6":{"start":{"line":29,"column":8},"end":{"line":29,"column":142}},"7":{"start":{"line":30,"column":8},"end":{"line":30,"column":19}},"8":{"start":{"line":34,"column":8},"end":{"line":34,"column":140}},"9":{"start":{"line":35,"column":8},"end":{"line":35,"column":19}}},"branchMap":{}},"/Users/guoqing/Downloads/s17-ESN-SV2-master 3/AppErrors.js":{"path":"/Users/guoqing/Downloads/s17-ESN-SV2-master 3/AppErrors.js","s":{"1":1,"2":1,"3":11,"4":11,"5":1,"6":1,"7":1,"8":11,"9":1,"10":1,"11":1,"12":0,"13":1,"14":1,"15":1,"16":0,"17":1,"18":1,"19":1},"b":{"1":[11,0],"2":[11,0]},"f":{"1":11,"2":11,"3":0,"4":0},"fnMap":{"1":{"name":"(anonymous_1)","line":3,"loc":{"start":{"line":3,"column":20},"end":{"line":3,"column":43}}},"2":{"name":"(anonymous_2)","line":10,"loc":{"start":{"line":10,"column":26},"end":{"line":10,"column":41}}},"3":{"name":"(anonymous_3)","line":16,"loc":{"start":{"line":16,"column":28},"end":{"line":16,"column":43}}},"4":{"name":"(anonymous_4)","line":22,"loc":{"start":{"line":22,"column":26},"end":{"line":22,"column":41}}}},"statementMap":{"1":{"start":{"line":1,"column":0},"end":{"line":1,"column":26}},"2":{"start":{"line":3,"column":0},"end":{"line":6,"column":1}},"3":{"start":{"line":4,"column":4},"end":{"line":4,"column":49}},"4":{"start":{"line":5,"column":4},"end":{"line":5,"column":33}},"5":{"start":{"line":7,"column":0},"end":{"line":7,"column":35}},"6":{"start":{"line":8,"column":0},"end":{"line":8,"column":47}},"7":{"start":{"line":10,"column":0},"end":{"line":12,"column":1}},"8":{"start":{"line":11,"column":4},"end":{"line":11,"column":64}},"9":{"start":{"line":13,"column":0},"end":{"line":13,"column":49}},"10":{"start":{"line":14,"column":0},"end":{"line":14,"column":59}},"11":{"start":{"line":16,"column":0},"end":{"line":18,"column":1}},"12":{"start":{"line":17,"column":4},"end":{"line":17,"column":66}},"13":{"start":{"line":19,"column":0},"end":{"line":19,"column":51}},"14":{"start":{"line":20,"column":0},"end":{"line":20,"column":63}},"15":{"start":{"line":22,"column":0},"end":{"line":24,"column":1}},"16":{"start":{"line":23,"column":4},"end":{"line":23,"column":64}},"17":{"start":{"line":25,"column":0},"end":{"line":25,"column":49}},"18":{"start":{"line":26,"column":0},"end":{"line":26,"column":59}},"19":{"start":{"line":28,"column":0},"end":{"line":32,"column":1}}},"branchMap":{"1":{"line":4,"type":"binary-expr","locations":[{"start":{"line":4,"column":34},"end":{"line":4,"column":40}},{"start":{"line":4,"column":44},"end":{"line":4,"column":48}}]},"2":{"line":5,"type":"binary-expr","locations":[{"start":{"line":5,"column":19},"end":{"line":5,"column":22}},{"start":{"line":5,"column":26},"end":{"line":5,"column":33}}]}}},"/Users/guoqing/Downloads/s17-ESN-SV2-master 3/unit_test/status_test.js":{"path":"/Users/guoqing/Downloads/s17-ESN-SV2-master 3/unit_test/status_test.js","s":{"1":1,"2":1,"3":1,"4":1,"5":1,"6":1,"7":1,"8":1,"9":1,"10":1,"11":1,"12":1,"13":1,"14":1,"15":1,"16":0,"17":1,"18":1,"19":1,"20":1,"21":1,"22":1,"23":1,"24":1,"25":1,"26":1,"27":1,"28":1,"29":1,"30":1,"31":1,"32":1,"33":1,"34":1,"35":1,"36":1,"37":1,"38":1,"39":1,"40":1,"41":1,"42":1,"43":1},"b":{"1":[1,0]},"f":{"1":1,"2":1,"3":1,"4":1,"5":1,"6":1,"7":1,"8":1,"9":1,"10":1,"11":1,"12":1,"13":1,"14":1},"fnMap":{"1":{"name":"(anonymous_1)","line":30,"loc":{"start":{"line":30,"column":31},"end":{"line":30,"column":43}}},"2":{"name":"(anonymous_2)","line":32,"loc":{"start":{"line":32,"column":57},"end":{"line":32,"column":73}}},"3":{"name":"(anonymous_3)","line":34,"loc":{"start":{"line":34,"column":29},"end":{"line":34,"column":45}}},"4":{"name":"(anonymous_4)","line":38,"loc":{"start":{"line":38,"column":37},"end":{"line":38,"column":53}}},"5":{"name":"(anonymous_5)","line":49,"loc":{"start":{"line":49,"column":65},"end":{"line":49,"column":81}}},"6":{"name":"(anonymous_6)","line":51,"loc":{"start":{"line":51,"column":31},"end":{"line":51,"column":51}}},"7":{"name":"(anonymous_7)","line":58,"loc":{"start":{"line":58,"column":72},"end":{"line":58,"column":88}}},"8":{"name":"(anonymous_8)","line":60,"loc":{"start":{"line":60,"column":31},"end":{"line":60,"column":51}}},"9":{"name":"(anonymous_9)","line":67,"loc":{"start":{"line":67,"column":55},"end":{"line":67,"column":71}}},"10":{"name":"(anonymous_10)","line":68,"loc":{"start":{"line":68,"column":25},"end":{"line":68,"column":48}}},"11":{"name":"(anonymous_11)","line":77,"loc":{"start":{"line":77,"column":61},"end":{"line":77,"column":77}}},"12":{"name":"(anonymous_12)","line":78,"loc":{"start":{"line":78,"column":25},"end":{"line":78,"column":48}}},"13":{"name":"(anonymous_13)","line":85,"loc":{"start":{"line":85,"column":31},"end":{"line":85,"column":47}}},"14":{"name":"(anonymous_14)","line":86,"loc":{"start":{"line":86,"column":28},"end":{"line":86,"column":40}}}},"statementMap":{"1":{"start":{"line":4,"column":0},"end":{"line":4,"column":34}},"2":{"start":{"line":6,"column":0},"end":{"line":6,"column":40}},"3":{"start":{"line":7,"column":0},"end":{"line":7,"column":44}},"4":{"start":{"line":9,"column":0},"end":{"line":9,"column":39}},"5":{"start":{"line":10,"column":0},"end":{"line":10,"column":44}},"6":{"start":{"line":12,"column":0},"end":{"line":19,"column":2}},"7":{"start":{"line":21,"column":0},"end":{"line":28,"column":2}},"8":{"start":{"line":30,"column":0},"end":{"line":91,"column":3}},"9":{"start":{"line":32,"column":4},"end":{"line":47,"column":7}},"10":{"start":{"line":33,"column":8},"end":{"line":33,"column":65}},"11":{"start":{"line":34,"column":8},"end":{"line":46,"column":11}},"12":{"start":{"line":35,"column":12},"end":{"line":35,"column":30}},"13":{"start":{"line":36,"column":12},"end":{"line":44,"column":13}},"14":{"start":{"line":38,"column":16},"end":{"line":40,"column":19}},"15":{"start":{"line":39,"column":20},"end":{"line":39,"column":62}},"16":{"start":{"line":43,"column":16},"end":{"line":43,"column":58}},"17":{"start":{"line":45,"column":12},"end":{"line":45,"column":19}},"18":{"start":{"line":49,"column":4},"end":{"line":56,"column":7}},"19":{"start":{"line":50,"column":8},"end":{"line":50,"column":105}},"20":{"start":{"line":51,"column":8},"end":{"line":55,"column":11}},"21":{"start":{"line":52,"column":12},"end":{"line":52,"column":39}},"22":{"start":{"line":53,"column":12},"end":{"line":53,"column":53}},"23":{"start":{"line":54,"column":12},"end":{"line":54,"column":19}},"24":{"start":{"line":58,"column":4},"end":{"line":65,"column":7}},"25":{"start":{"line":59,"column":8},"end":{"line":59,"column":105}},"26":{"start":{"line":60,"column":8},"end":{"line":64,"column":11}},"27":{"start":{"line":61,"column":12},"end":{"line":61,"column":39}},"28":{"start":{"line":62,"column":12},"end":{"line":62,"column":62}},"29":{"start":{"line":63,"column":12},"end":{"line":63,"column":19}},"30":{"start":{"line":67,"column":4},"end":{"line":74,"column":7}},"31":{"start":{"line":68,"column":8},"end":{"line":73,"column":41}},"32":{"start":{"line":69,"column":12},"end":{"line":69,"column":39}},"33":{"start":{"line":70,"column":12},"end":{"line":70,"column":61}},"34":{"start":{"line":71,"column":12},"end":{"line":71,"column":67}},"35":{"start":{"line":72,"column":12},"end":{"line":72,"column":19}},"36":{"start":{"line":77,"column":4},"end":{"line":83,"column":7}},"37":{"start":{"line":78,"column":8},"end":{"line":82,"column":41}},"38":{"start":{"line":79,"column":12},"end":{"line":79,"column":62}},"39":{"start":{"line":80,"column":12},"end":{"line":80,"column":42}},"40":{"start":{"line":81,"column":12},"end":{"line":81,"column":19}},"41":{"start":{"line":85,"column":4},"end":{"line":89,"column":7}},"42":{"start":{"line":86,"column":8},"end":{"line":88,"column":11}},"43":{"start":{"line":87,"column":12},"end":{"line":87,"column":19}}},"branchMap":{"1":{"line":36,"type":"if","locations":[{"start":{"line":36,"column":12},"end":{"line":36,"column":12}},{"start":{"line":36,"column":12},"end":{"line":36,"column":12}}]}}},"/Users/guoqing/Downloads/s17-ESN-SV2-master 3/models/status.js":{"path":"/Users/guoqing/Downloads/s17-ESN-SV2-master 3/models/status.js","s":{"1":1,"2":1,"3":1,"4":1,"5":1,"6":1,"7":1,"8":2,"9":2,"10":2,"11":2,"12":1,"13":2,"14":2,"15":2,"16":2,"17":2,"18":2,"19":2,"20":2,"21":2,"22":0,"23":2,"24":1,"25":1,"26":1,"27":1,"28":1,"29":0,"30":1,"31":0,"32":0,"33":0,"34":0,"35":1,"36":1,"37":1,"38":0,"39":1,"40":0,"41":0,"42":0,"43":1,"44":2,"45":2,"46":2,"47":2,"48":2,"49":2,"50":0,"51":2,"52":1,"53":1,"54":1,"55":1,"56":0,"57":1,"58":0,"59":0,"60":1},"b":{"1":[2,0],"2":[0,2],"3":[1,1],"4":[1,0],"5":[0,1],"6":[0,1],"7":[0,0],"8":[1,0],"9":[0,1],"10":[0,0],"11":[2,0],"12":[0,2],"13":[1,1],"14":[1,0],"15":[0,1],"16":[0,0]},"f":{"1":2,"2":2,"3":2,"4":2,"5":1,"6":0,"7":1,"8":2,"9":2,"10":2,"11":1},"fnMap":{"1":{"name":"(anonymous_1)","line":11,"loc":{"start":{"line":11,"column":13},"end":{"line":11,"column":66}}},"2":{"name":"(anonymous_2)","line":18,"loc":{"start":{"line":18,"column":30},"end":{"line":18,"column":49}}},"3":{"name":"(anonymous_3)","line":25,"loc":{"start":{"line":25,"column":17},"end":{"line":25,"column":29}}},"4":{"name":"(anonymous_4)","line":27,"loc":{"start":{"line":27,"column":12},"end":{"line":27,"column":35}}},"5":{"name":"(anonymous_5)","line":34,"loc":{"start":{"line":34,"column":24},"end":{"line":34,"column":49}}},"6":{"name":"(anonymous_6)","line":41,"loc":{"start":{"line":41,"column":36},"end":{"line":41,"column":52}}},"7":{"name":"(anonymous_7)","line":52,"loc":{"start":{"line":52,"column":36},"end":{"line":52,"column":52}}},"8":{"name":"(anonymous_8)","line":74,"loc":{"start":{"line":74,"column":19},"end":{"line":74,"column":48}}},"9":{"name":"(anonymous_9)","line":78,"loc":{"start":{"line":78,"column":17},"end":{"line":78,"column":29}}},"10":{"name":"(anonymous_10)","line":80,"loc":{"start":{"line":80,"column":12},"end":{"line":80,"column":35}}},"11":{"name":"(anonymous_11)","line":87,"loc":{"start":{"line":87,"column":24},"end":{"line":87,"column":49}}}},"statementMap":{"1":{"start":{"line":3,"column":0},"end":{"line":3,"column":32}},"2":{"start":{"line":4,"column":0},"end":{"line":4,"column":41}},"3":{"start":{"line":5,"column":0},"end":{"line":5,"column":45}},"4":{"start":{"line":6,"column":0},"end":{"line":6,"column":40}},"5":{"start":{"line":7,"column":0},"end":{"line":7,"column":44}},"6":{"start":{"line":9,"column":0},"end":{"line":9,"column":52}},"7":{"start":{"line":11,"column":0},"end":{"line":16,"column":2}},"8":{"start":{"line":12,"column":4},"end":{"line":12,"column":29}},"9":{"start":{"line":13,"column":4},"end":{"line":13,"column":35}},"10":{"start":{"line":14,"column":4},"end":{"line":14,"column":31}},"11":{"start":{"line":15,"column":4},"end":{"line":15,"column":29}},"12":{"start":{"line":18,"column":0},"end":{"line":72,"column":2}},"13":{"start":{"line":19,"column":4},"end":{"line":19,"column":33}},"14":{"start":{"line":20,"column":4},"end":{"line":20,"column":39}},"15":{"start":{"line":21,"column":4},"end":{"line":21,"column":35}},"16":{"start":{"line":22,"column":4},"end":{"line":22,"column":33}},"17":{"start":{"line":23,"column":4},"end":{"line":24,"column":118}},"18":{"start":{"line":24,"column":8},"end":{"line":24,"column":118}},"19":{"start":{"line":25,"column":4},"end":{"line":71,"column":7}},"20":{"start":{"line":26,"column":8},"end":{"line":70,"column":10}},"21":{"start":{"line":28,"column":16},"end":{"line":68,"column":17}},"22":{"start":{"line":29,"column":20},"end":{"line":29,"column":42}},"23":{"start":{"line":30,"column":23},"end":{"line":68,"column":17}},"24":{"start":{"line":31,"column":20},"end":{"line":31,"column":86}},"25":{"start":{"line":32,"column":23},"end":{"line":68,"column":17}},"26":{"start":{"line":33,"column":20},"end":{"line":65,"column":22}},"27":{"start":{"line":35,"column":28},"end":{"line":35,"column":48}},"28":{"start":{"line":36,"column":28},"end":{"line":38,"column":29}},"29":{"start":{"line":37,"column":32},"end":{"line":37,"column":54}},"30":{"start":{"line":39,"column":28},"end":{"line":63,"column":29}},"31":{"start":{"line":40,"column":32},"end":{"line":48,"column":34}},"32":{"start":{"line":42,"column":40},"end":{"line":46,"column":41}},"33":{"start":{"line":43,"column":44},"end":{"line":43,"column":66}},"34":{"start":{"line":45,"column":44},"end":{"line":45,"column":84}},"35":{"start":{"line":50,"column":33},"end":{"line":63,"column":29}},"36":{"start":{"line":51,"column":32},"end":{"line":59,"column":34}},"37":{"start":{"line":53,"column":40},"end":{"line":57,"column":41}},"38":{"start":{"line":54,"column":44},"end":{"line":54,"column":66}},"39":{"start":{"line":56,"column":44},"end":{"line":56,"column":84}},"40":{"start":{"line":62,"column":32},"end":{"line":62,"column":139}},"41":{"start":{"line":66,"column":23},"end":{"line":68,"column":17}},"42":{"start":{"line":67,"column":20},"end":{"line":67,"column":115}},"43":{"start":{"line":74,"column":0},"end":{"line":101,"column":2}},"44":{"start":{"line":75,"column":4},"end":{"line":75,"column":40}},"45":{"start":{"line":76,"column":4},"end":{"line":77,"column":62}},"46":{"start":{"line":77,"column":8},"end":{"line":77,"column":62}},"47":{"start":{"line":78,"column":4},"end":{"line":100,"column":7}},"48":{"start":{"line":79,"column":8},"end":{"line":99,"column":10}},"49":{"start":{"line":81,"column":16},"end":{"line":97,"column":17}},"50":{"start":{"line":82,"column":20},"end":{"line":82,"column":42}},"51":{"start":{"line":83,"column":23},"end":{"line":97,"column":17}},"52":{"start":{"line":84,"column":20},"end":{"line":84,"column":86}},"53":{"start":{"line":85,"column":23},"end":{"line":97,"column":17}},"54":{"start":{"line":86,"column":20},"end":{"line":94,"column":22}},"55":{"start":{"line":88,"column":28},"end":{"line":92,"column":29}},"56":{"start":{"line":89,"column":32},"end":{"line":89,"column":54}},"57":{"start":{"line":91,"column":32},"end":{"line":91,"column":58}},"58":{"start":{"line":95,"column":23},"end":{"line":97,"column":17}},"59":{"start":{"line":96,"column":20},"end":{"line":96,"column":115}},"60":{"start":{"line":103,"column":0},"end":{"line":103,"column":24}}},"branchMap":{"1":{"line":23,"type":"if","locations":[{"start":{"line":23,"column":4},"end":{"line":23,"column":4}},{"start":{"line":23,"column":4},"end":{"line":23,"column":4}}]},"2":{"line":28,"type":"if","locations":[{"start":{"line":28,"column":16},"end":{"line":28,"column":16}},{"start":{"line":28,"column":16},"end":{"line":28,"column":16}}]},"3":{"line":30,"type":"if","locations":[{"start":{"line":30,"column":23},"end":{"line":30,"column":23}},{"start":{"line":30,"column":23},"end":{"line":30,"column":23}}]},"4":{"line":32,"type":"if","locations":[{"start":{"line":32,"column":23},"end":{"line":32,"column":23}},{"start":{"line":32,"column":23},"end":{"line":32,"column":23}}]},"5":{"line":36,"type":"if","locations":[{"start":{"line":36,"column":28},"end":{"line":36,"column":28}},{"start":{"line":36,"column":28},"end":{"line":36,"column":28}}]},"6":{"line":39,"type":"if","locations":[{"start":{"line":39,"column":28},"end":{"line":39,"column":28}},{"start":{"line":39,"column":28},"end":{"line":39,"column":28}}]},"7":{"line":42,"type":"if","locations":[{"start":{"line":42,"column":40},"end":{"line":42,"column":40}},{"start":{"line":42,"column":40},"end":{"line":42,"column":40}}]},"8":{"line":50,"type":"if","locations":[{"start":{"line":50,"column":33},"end":{"line":50,"column":33}},{"start":{"line":50,"column":33},"end":{"line":50,"column":33}}]},"9":{"line":53,"type":"if","locations":[{"start":{"line":53,"column":40},"end":{"line":53,"column":40}},{"start":{"line":53,"column":40},"end":{"line":53,"column":40}}]},"10":{"line":66,"type":"if","locations":[{"start":{"line":66,"column":23},"end":{"line":66,"column":23}},{"start":{"line":66,"column":23},"end":{"line":66,"column":23}}]},"11":{"line":76,"type":"if","locations":[{"start":{"line":76,"column":4},"end":{"line":76,"column":4}},{"start":{"line":76,"column":4},"end":{"line":76,"column":4}}]},"12":{"line":81,"type":"if","locations":[{"start":{"line":81,"column":16},"end":{"line":81,"column":16}},{"start":{"line":81,"column":16},"end":{"line":81,"column":16}}]},"13":{"line":83,"type":"if","locations":[{"start":{"line":83,"column":23},"end":{"line":83,"column":23}},{"start":{"line":83,"column":23},"end":{"line":83,"column":23}}]},"14":{"line":85,"type":"if","locations":[{"start":{"line":85,"column":23},"end":{"line":85,"column":23}},{"start":{"line":85,"column":23},"end":{"line":85,"column":23}}]},"15":{"line":88,"type":"if","locations":[{"start":{"line":88,"column":28},"end":{"line":88,"column":28}},{"start":{"line":88,"column":28},"end":{"line":88,"column":28}}]},"16":{"line":95,"type":"if","locations":[{"start":{"line":95,"column":23},"end":{"line":95,"column":23}},{"start":{"line":95,"column":23},"end":{"line":95,"column":23}}]}}},"/Users/guoqing/Downloads/s17-ESN-SV2-master 3/unit_test/announcement_test.js":{"path":"/Users/guoqing/Downloads/s17-ESN-SV2-master 3/unit_test/announcement_test.js","s":{"1":1,"2":1,"3":1,"4":1,"5":1,"6":1,"7":1,"8":1,"9":1,"10":1,"11":1,"12":1,"13":1,"14":1,"15":1,"16":1,"17":0,"18":1,"19":1,"20":1,"21":1,"22":1,"23":1,"24":1,"25":1,"26":1,"27":1,"28":1,"29":1,"30":1,"31":1,"32":1,"33":1,"34":1,"35":1,"36":1,"37":1,"38":1,"39":1,"40":1,"41":1,"42":1},"b":{"1":[1,0]},"f":{"1":1,"2":1,"3":1,"4":1,"5":1,"6":1,"7":1,"8":1,"9":1,"10":1,"11":1,"12":1},"fnMap":{"1":{"name":"(anonymous_1)","line":40,"loc":{"start":{"line":40,"column":37},"end":{"line":40,"column":49}}},"2":{"name":"(anonymous_2)","line":42,"loc":{"start":{"line":42,"column":57},"end":{"line":42,"column":73}}},"3":{"name":"(anonymous_3)","line":44,"loc":{"start":{"line":44,"column":29},"end":{"line":44,"column":45}}},"4":{"name":"(anonymous_4)","line":48,"loc":{"start":{"line":48,"column":37},"end":{"line":48,"column":53}}},"5":{"name":"(anonymous_5)","line":59,"loc":{"start":{"line":59,"column":61},"end":{"line":59,"column":77}}},"6":{"name":"(anonymous_6)","line":61,"loc":{"start":{"line":61,"column":38},"end":{"line":61,"column":58}}},"7":{"name":"(anonymous_7)","line":68,"loc":{"start":{"line":68,"column":68},"end":{"line":68,"column":84}}},"8":{"name":"(anonymous_8)","line":70,"loc":{"start":{"line":70,"column":38},"end":{"line":70,"column":58}}},"9":{"name":"(anonymous_9)","line":78,"loc":{"start":{"line":78,"column":50},"end":{"line":78,"column":66}}},"10":{"name":"(anonymous_10)","line":80,"loc":{"start":{"line":80,"column":41},"end":{"line":80,"column":61}}},"11":{"name":"(anonymous_11)","line":90,"loc":{"start":{"line":90,"column":31},"end":{"line":90,"column":47}}},"12":{"name":"(anonymous_12)","line":91,"loc":{"start":{"line":91,"column":28},"end":{"line":91,"column":40}}}},"statementMap":{"1":{"start":{"line":4,"column":0},"end":{"line":4,"column":34}},"2":{"start":{"line":6,"column":0},"end":{"line":6,"column":40}},"3":{"start":{"line":7,"column":0},"end":{"line":7,"column":56}},"4":{"start":{"line":9,"column":0},"end":{"line":9,"column":39}},"5":{"start":{"line":10,"column":0},"end":{"line":10,"column":44}},"6":{"start":{"line":12,"column":0},"end":{"line":19,"column":2}},"7":{"start":{"line":21,"column":0},"end":{"line":28,"column":2}},"8":{"start":{"line":30,"column":0},"end":{"line":37,"column":2}},"9":{"start":{"line":40,"column":0},"end":{"line":96,"column":3}},"10":{"start":{"line":42,"column":4},"end":{"line":57,"column":7}},"11":{"start":{"line":43,"column":8},"end":{"line":43,"column":65}},"12":{"start":{"line":44,"column":8},"end":{"line":56,"column":11}},"13":{"start":{"line":45,"column":12},"end":{"line":45,"column":30}},"14":{"start":{"line":46,"column":12},"end":{"line":54,"column":13}},"15":{"start":{"line":48,"column":16},"end":{"line":50,"column":19}},"16":{"start":{"line":49,"column":20},"end":{"line":49,"column":62}},"17":{"start":{"line":53,"column":16},"end":{"line":53,"column":58}},"18":{"start":{"line":55,"column":12},"end":{"line":55,"column":19}},"19":{"start":{"line":59,"column":4},"end":{"line":66,"column":7}},"20":{"start":{"line":60,"column":8},"end":{"line":60,"column":108}},"21":{"start":{"line":61,"column":8},"end":{"line":65,"column":11}},"22":{"start":{"line":62,"column":12},"end":{"line":62,"column":39}},"23":{"start":{"line":63,"column":12},"end":{"line":63,"column":59}},"24":{"start":{"line":64,"column":12},"end":{"line":64,"column":19}},"25":{"start":{"line":68,"column":4},"end":{"line":75,"column":7}},"26":{"start":{"line":69,"column":8},"end":{"line":69,"column":108}},"27":{"start":{"line":70,"column":8},"end":{"line":74,"column":11}},"28":{"start":{"line":71,"column":12},"end":{"line":71,"column":62}},"29":{"start":{"line":72,"column":12},"end":{"line":72,"column":39}},"30":{"start":{"line":73,"column":12},"end":{"line":73,"column":19}},"31":{"start":{"line":78,"column":4},"end":{"line":88,"column":7}},"32":{"start":{"line":79,"column":8},"end":{"line":79,"column":108}},"33":{"start":{"line":80,"column":8},"end":{"line":87,"column":11}},"34":{"start":{"line":81,"column":12},"end":{"line":81,"column":68}},"35":{"start":{"line":82,"column":12},"end":{"line":82,"column":66}},"36":{"start":{"line":83,"column":12},"end":{"line":83,"column":70}},"37":{"start":{"line":84,"column":12},"end":{"line":84,"column":68}},"38":{"start":{"line":85,"column":12},"end":{"line":85,"column":39}},"39":{"start":{"line":86,"column":12},"end":{"line":86,"column":19}},"40":{"start":{"line":90,"column":4},"end":{"line":94,"column":7}},"41":{"start":{"line":91,"column":8},"end":{"line":93,"column":11}},"42":{"start":{"line":92,"column":12},"end":{"line":92,"column":19}}},"branchMap":{"1":{"line":46,"type":"if","locations":[{"start":{"line":46,"column":12},"end":{"line":46,"column":12}},{"start":{"line":46,"column":12},"end":{"line":46,"column":12}}]}}},"/Users/guoqing/Downloads/s17-ESN-SV2-master 3/models/announcement.js":{"path":"/Users/guoqing/Downloads/s17-ESN-SV2-master 3/models/announcement.js","s":{"1":1,"2":1,"3":1,"4":1,"5":1,"6":1,"7":1,"8":3,"9":3,"10":3,"11":3,"12":1,"13":2,"14":2,"15":2,"16":2,"17":2,"18":2,"19":2,"20":2,"21":2,"22":0,"23":2,"24":1,"25":1,"26":1,"27":1,"28":0,"29":1,"30":0,"31":0,"32":1,"33":1,"34":1,"35":1,"36":1,"37":1,"38":0,"39":1,"40":1,"41":1,"42":1},"b":{"1":[2,0],"2":[0,2],"3":[1,1],"4":[1,0],"5":[0,1],"6":[0,0],"7":[1,0],"8":[0,1],"9":[1,0]},"f":{"1":3,"2":2,"3":2,"4":2,"5":1,"6":1,"7":1,"8":1},"fnMap":{"1":{"name":"(anonymous_1)","line":11,"loc":{"start":{"line":11,"column":19},"end":{"line":11,"column":68}}},"2":{"name":"(anonymous_2)","line":18,"loc":{"start":{"line":18,"column":42},"end":{"line":18,"column":61}}},"3":{"name":"(anonymous_3)","line":25,"loc":{"start":{"line":25,"column":17},"end":{"line":25,"column":29}}},"4":{"name":"(anonymous_4)","line":27,"loc":{"start":{"line":27,"column":12},"end":{"line":27,"column":35}}},"5":{"name":"(anonymous_5)","line":34,"loc":{"start":{"line":34,"column":24},"end":{"line":34,"column":41}}},"6":{"name":"(anonymous_6)","line":50,"loc":{"start":{"line":50,"column":35},"end":{"line":50,"column":54}}},"7":{"name":"(anonymous_7)","line":55,"loc":{"start":{"line":55,"column":8},"end":{"line":55,"column":30}}},"8":{"name":"(anonymous_8)","line":61,"loc":{"start":{"line":61,"column":11},"end":{"line":61,"column":23}}}},"statementMap":{"1":{"start":{"line":3,"column":0},"end":{"line":3,"column":32}},"2":{"start":{"line":4,"column":0},"end":{"line":4,"column":41}},"3":{"start":{"line":5,"column":0},"end":{"line":5,"column":57}},"4":{"start":{"line":6,"column":0},"end":{"line":6,"column":40}},"5":{"start":{"line":7,"column":0},"end":{"line":7,"column":44}},"6":{"start":{"line":9,"column":0},"end":{"line":9,"column":52}},"7":{"start":{"line":11,"column":0},"end":{"line":16,"column":2}},"8":{"start":{"line":12,"column":4},"end":{"line":12,"column":29}},"9":{"start":{"line":13,"column":4},"end":{"line":13,"column":27}},"10":{"start":{"line":14,"column":4},"end":{"line":14,"column":31}},"11":{"start":{"line":15,"column":4},"end":{"line":15,"column":29}},"12":{"start":{"line":18,"column":0},"end":{"line":48,"column":2}},"13":{"start":{"line":19,"column":4},"end":{"line":19,"column":33}},"14":{"start":{"line":20,"column":4},"end":{"line":20,"column":31}},"15":{"start":{"line":21,"column":4},"end":{"line":21,"column":35}},"16":{"start":{"line":22,"column":4},"end":{"line":22,"column":33}},"17":{"start":{"line":23,"column":4},"end":{"line":24,"column":126}},"18":{"start":{"line":24,"column":8},"end":{"line":24,"column":126}},"19":{"start":{"line":25,"column":4},"end":{"line":47,"column":7}},"20":{"start":{"line":26,"column":8},"end":{"line":46,"column":10}},"21":{"start":{"line":28,"column":16},"end":{"line":44,"column":17}},"22":{"start":{"line":29,"column":20},"end":{"line":29,"column":42}},"23":{"start":{"line":30,"column":23},"end":{"line":44,"column":17}},"24":{"start":{"line":31,"column":20},"end":{"line":31,"column":86}},"25":{"start":{"line":32,"column":23},"end":{"line":44,"column":17}},"26":{"start":{"line":33,"column":20},"end":{"line":41,"column":22}},"27":{"start":{"line":35,"column":28},"end":{"line":39,"column":29}},"28":{"start":{"line":36,"column":32},"end":{"line":36,"column":54}},"29":{"start":{"line":38,"column":32},"end":{"line":38,"column":78}},"30":{"start":{"line":42,"column":23},"end":{"line":44,"column":17}},"31":{"start":{"line":43,"column":20},"end":{"line":43,"column":115}},"32":{"start":{"line":50,"column":0},"end":{"line":65,"column":2}},"33":{"start":{"line":51,"column":4},"end":{"line":52,"column":66}},"34":{"start":{"line":52,"column":8},"end":{"line":52,"column":66}},"35":{"start":{"line":53,"column":4},"end":{"line":53,"column":27}},"36":{"start":{"line":54,"column":4},"end":{"line":64,"column":6}},"37":{"start":{"line":56,"column":12},"end":{"line":60,"column":13}},"38":{"start":{"line":57,"column":16},"end":{"line":57,"column":38}},"39":{"start":{"line":58,"column":19},"end":{"line":60,"column":13}},"40":{"start":{"line":59,"column":16},"end":{"line":59,"column":40}},"41":{"start":{"line":62,"column":12},"end":{"line":62,"column":42}},"42":{"start":{"line":67,"column":0},"end":{"line":67,"column":30}}},"branchMap":{"1":{"line":23,"type":"if","locations":[{"start":{"line":23,"column":4},"end":{"line":23,"column":4}},{"start":{"line":23,"column":4},"end":{"line":23,"column":4}}]},"2":{"line":28,"type":"if","locations":[{"start":{"line":28,"column":16},"end":{"line":28,"column":16}},{"start":{"line":28,"column":16},"end":{"line":28,"column":16}}]},"3":{"line":30,"type":"if","locations":[{"start":{"line":30,"column":23},"end":{"line":30,"column":23}},{"start":{"line":30,"column":23},"end":{"line":30,"column":23}}]},"4":{"line":32,"type":"if","locations":[{"start":{"line":32,"column":23},"end":{"line":32,"column":23}},{"start":{"line":32,"column":23},"end":{"line":32,"column":23}}]},"5":{"line":35,"type":"if","locations":[{"start":{"line":35,"column":28},"end":{"line":35,"column":28}},{"start":{"line":35,"column":28},"end":{"line":35,"column":28}}]},"6":{"line":42,"type":"if","locations":[{"start":{"line":42,"column":23},"end":{"line":42,"column":23}},{"start":{"line":42,"column":23},"end":{"line":42,"column":23}}]},"7":{"line":51,"type":"if","locations":[{"start":{"line":51,"column":4},"end":{"line":51,"column":4}},{"start":{"line":51,"column":4},"end":{"line":51,"column":4}}]},"8":{"line":56,"type":"if","locations":[{"start":{"line":56,"column":12},"end":{"line":56,"column":12}},{"start":{"line":56,"column":12},"end":{"line":56,"column":12}}]},"9":{"line":58,"type":"if","locations":[{"start":{"line":58,"column":19},"end":{"line":58,"column":19}},{"start":{"line":58,"column":19},"end":{"line":58,"column":19}}]}}},"/Users/guoqing/Downloads/s17-ESN-SV2-master 3/unit_test/message_test.js":{"path":"/Users/guoqing/Downloads/s17-ESN-SV2-master 3/unit_test/message_test.js","s":{"1":1,"2":1,"3":1,"4":1,"5":1,"6":1,"7":1,"8":1,"9":1,"10":1,"11":1,"12":1,"13":1,"14":1,"15":1,"16":0,"17":1,"18":1,"19":1,"20":1,"21":1,"22":1,"23":1,"24":1,"25":1,"26":1,"27":1,"28":1,"29":1,"30":1,"31":1,"32":1,"33":1,"34":1,"35":1,"36":1,"37":1,"38":1,"39":1,"40":1,"41":1,"42":1,"43":1,"44":1,"45":1,"46":1,"47":1,"48":1,"49":1,"50":1,"51":1,"52":1,"53":1,"54":1,"55":1},"b":{"1":[1,0]},"f":{"1":1,"2":1,"3":1,"4":1,"5":1,"6":1,"7":1,"8":1,"9":1,"10":1,"11":1,"12":1,"13":1,"14":1,"15":1,"16":1},"fnMap":{"1":{"name":"(anonymous_1)","line":30,"loc":{"start":{"line":30,"column":33},"end":{"line":30,"column":45}}},"2":{"name":"(anonymous_2)","line":32,"loc":{"start":{"line":32,"column":57},"end":{"line":32,"column":73}}},"3":{"name":"(anonymous_3)","line":34,"loc":{"start":{"line":34,"column":29},"end":{"line":34,"column":45}}},"4":{"name":"(anonymous_4)","line":38,"loc":{"start":{"line":38,"column":37},"end":{"line":38,"column":53}}},"5":{"name":"(anonymous_5)","line":49,"loc":{"start":{"line":49,"column":63},"end":{"line":49,"column":79}}},"6":{"name":"(anonymous_6)","line":51,"loc":{"start":{"line":51,"column":34},"end":{"line":51,"column":54}}},"7":{"name":"(anonymous_7)","line":58,"loc":{"start":{"line":58,"column":70},"end":{"line":58,"column":86}}},"8":{"name":"(anonymous_8)","line":60,"loc":{"start":{"line":60,"column":34},"end":{"line":60,"column":54}}},"9":{"name":"(anonymous_9)","line":67,"loc":{"start":{"line":67,"column":60},"end":{"line":67,"column":76}}},"10":{"name":"(anonymous_10)","line":69,"loc":{"start":{"line":69,"column":33},"end":{"line":69,"column":58}}},"11":{"name":"(anonymous_11)","line":79,"loc":{"start":{"line":79,"column":67},"end":{"line":79,"column":83}}},"12":{"name":"(anonymous_12)","line":80,"loc":{"start":{"line":80,"column":33},"end":{"line":80,"column":58}}},"13":{"name":"(anonymous_13)","line":87,"loc":{"start":{"line":87,"column":51},"end":{"line":87,"column":67}}},"14":{"name":"(anonymous_14)","line":89,"loc":{"start":{"line":89,"column":37},"end":{"line":89,"column":62}}},"15":{"name":"(anonymous_15)","line":99,"loc":{"start":{"line":99,"column":31},"end":{"line":99,"column":47}}},"16":{"name":"(anonymous_16)","line":100,"loc":{"start":{"line":100,"column":28},"end":{"line":100,"column":40}}}},"statementMap":{"1":{"start":{"line":4,"column":0},"end":{"line":4,"column":34}},"2":{"start":{"line":6,"column":0},"end":{"line":6,"column":40}},"3":{"start":{"line":7,"column":0},"end":{"line":7,"column":46}},"4":{"start":{"line":9,"column":0},"end":{"line":9,"column":39}},"5":{"start":{"line":10,"column":0},"end":{"line":10,"column":44}},"6":{"start":{"line":12,"column":0},"end":{"line":19,"column":2}},"7":{"start":{"line":21,"column":0},"end":{"line":28,"column":2}},"8":{"start":{"line":30,"column":0},"end":{"line":105,"column":3}},"9":{"start":{"line":32,"column":4},"end":{"line":47,"column":7}},"10":{"start":{"line":33,"column":8},"end":{"line":33,"column":65}},"11":{"start":{"line":34,"column":8},"end":{"line":46,"column":11}},"12":{"start":{"line":35,"column":12},"end":{"line":35,"column":30}},"13":{"start":{"line":36,"column":12},"end":{"line":44,"column":13}},"14":{"start":{"line":38,"column":16},"end":{"line":40,"column":19}},"15":{"start":{"line":39,"column":20},"end":{"line":39,"column":62}},"16":{"start":{"line":43,"column":16},"end":{"line":43,"column":58}},"17":{"start":{"line":45,"column":12},"end":{"line":45,"column":19}},"18":{"start":{"line":49,"column":4},"end":{"line":56,"column":7}},"19":{"start":{"line":50,"column":8},"end":{"line":50,"column":98}},"20":{"start":{"line":51,"column":8},"end":{"line":55,"column":11}},"21":{"start":{"line":52,"column":12},"end":{"line":52,"column":39}},"22":{"start":{"line":53,"column":12},"end":{"line":53,"column":60}},"23":{"start":{"line":54,"column":12},"end":{"line":54,"column":19}},"24":{"start":{"line":58,"column":4},"end":{"line":65,"column":7}},"25":{"start":{"line":59,"column":8},"end":{"line":59,"column":98}},"26":{"start":{"line":60,"column":8},"end":{"line":64,"column":11}},"27":{"start":{"line":61,"column":12},"end":{"line":61,"column":62}},"28":{"start":{"line":62,"column":12},"end":{"line":62,"column":39}},"29":{"start":{"line":63,"column":12},"end":{"line":63,"column":19}},"30":{"start":{"line":67,"column":4},"end":{"line":77,"column":7}},"31":{"start":{"line":68,"column":8},"end":{"line":68,"column":98}},"32":{"start":{"line":69,"column":8},"end":{"line":76,"column":41}},"33":{"start":{"line":70,"column":12},"end":{"line":70,"column":39}},"34":{"start":{"line":71,"column":12},"end":{"line":71,"column":68}},"35":{"start":{"line":72,"column":12},"end":{"line":72,"column":66}},"36":{"start":{"line":73,"column":12},"end":{"line":73,"column":70}},"37":{"start":{"line":74,"column":12},"end":{"line":74,"column":68}},"38":{"start":{"line":75,"column":12},"end":{"line":75,"column":19}},"39":{"start":{"line":79,"column":4},"end":{"line":85,"column":7}},"40":{"start":{"line":80,"column":8},"end":{"line":84,"column":41}},"41":{"start":{"line":81,"column":12},"end":{"line":81,"column":62}},"42":{"start":{"line":82,"column":12},"end":{"line":82,"column":44}},"43":{"start":{"line":83,"column":12},"end":{"line":83,"column":19}},"44":{"start":{"line":87,"column":4},"end":{"line":97,"column":7}},"45":{"start":{"line":88,"column":8},"end":{"line":88,"column":98}},"46":{"start":{"line":89,"column":8},"end":{"line":96,"column":11}},"47":{"start":{"line":90,"column":12},"end":{"line":90,"column":39}},"48":{"start":{"line":91,"column":12},"end":{"line":91,"column":68}},"49":{"start":{"line":92,"column":12},"end":{"line":92,"column":66}},"50":{"start":{"line":93,"column":12},"end":{"line":93,"column":70}},"51":{"start":{"line":94,"column":12},"end":{"line":94,"column":68}},"52":{"start":{"line":95,"column":12},"end":{"line":95,"column":19}},"53":{"start":{"line":99,"column":4},"end":{"line":103,"column":7}},"54":{"start":{"line":100,"column":8},"end":{"line":102,"column":11}},"55":{"start":{"line":101,"column":12},"end":{"line":101,"column":19}}},"branchMap":{"1":{"line":36,"type":"if","locations":[{"start":{"line":36,"column":12},"end":{"line":36,"column":12}},{"start":{"line":36,"column":12},"end":{"line":36,"column":12}}]}}},"/Users/guoqing/Downloads/s17-ESN-SV2-master 3/models/message.js":{"path":"/Users/guoqing/Downloads/s17-ESN-SV2-master 3/models/message.js","s":{"1":1,"2":1,"3":1,"4":1,"5":1,"6":1,"7":1,"8":4,"9":4,"10":4,"11":4,"12":1,"13":2,"14":2,"15":2,"16":2,"17":2,"18":2,"19":2,"20":2,"21":2,"22":0,"23":2,"24":1,"25":1,"26":1,"27":1,"28":0,"29":1,"30":0,"31":0,"32":1,"33":1,"34":1,"35":1,"36":1,"37":1,"38":0,"39":1,"40":1,"41":1,"42":1,"43":2,"44":2,"45":2,"46":2,"47":2,"48":2,"49":0,"50":2,"51":1,"52":1,"53":1,"54":1,"55":1,"56":0,"57":1,"58":1,"59":1,"60":0,"61":0,"62":1},"b":{"1":[2,0],"2":[0,2],"3":[1,1],"4":[1,0],"5":[0,1],"6":[0,0],"7":[1,0],"8":[0,1],"9":[1,0],"10":[2,0],"11":[0,2],"12":[1,1],"13":[1,0],"14":[0,1],"15":[1,0],"16":[0,0]},"f":{"1":4,"2":2,"3":2,"4":2,"5":1,"6":1,"7":1,"8":1,"9":2,"10":2,"11":2,"12":1,"13":1},"fnMap":{"1":{"name":"(anonymous_1)","line":11,"loc":{"start":{"line":11,"column":14},"end":{"line":11,"column":63}}},"2":{"name":"(anonymous_2)","line":18,"loc":{"start":{"line":18,"column":38},"end":{"line":18,"column":57}}},"3":{"name":"(anonymous_3)","line":25,"loc":{"start":{"line":25,"column":17},"end":{"line":25,"column":29}}},"4":{"name":"(anonymous_4)","line":27,"loc":{"start":{"line":27,"column":12},"end":{"line":27,"column":35}}},"5":{"name":"(anonymous_5)","line":34,"loc":{"start":{"line":34,"column":24},"end":{"line":34,"column":41}}},"6":{"name":"(anonymous_6)","line":50,"loc":{"start":{"line":50,"column":31},"end":{"line":50,"column":50}}},"7":{"name":"(anonymous_7)","line":55,"loc":{"start":{"line":55,"column":8},"end":{"line":55,"column":30}}},"8":{"name":"(anonymous_8)","line":61,"loc":{"start":{"line":61,"column":11},"end":{"line":61,"column":23}}},"9":{"name":"(anonymous_9)","line":67,"loc":{"start":{"line":67,"column":27},"end":{"line":67,"column":56}}},"10":{"name":"(anonymous_10)","line":71,"loc":{"start":{"line":71,"column":17},"end":{"line":71,"column":29}}},"11":{"name":"(anonymous_11)","line":73,"loc":{"start":{"line":73,"column":12},"end":{"line":73,"column":35}}},"12":{"name":"(anonymous_12)","line":81,"loc":{"start":{"line":81,"column":24},"end":{"line":81,"column":46}}},"13":{"name":"(anonymous_13)","line":87,"loc":{"start":{"line":87,"column":27},"end":{"line":87,"column":39}}}},"statementMap":{"1":{"start":{"line":3,"column":0},"end":{"line":3,"column":32}},"2":{"start":{"line":4,"column":0},"end":{"line":4,"column":41}},"3":{"start":{"line":5,"column":0},"end":{"line":5,"column":47}},"4":{"start":{"line":6,"column":0},"end":{"line":6,"column":40}},"5":{"start":{"line":7,"column":0},"end":{"line":7,"column":44}},"6":{"start":{"line":9,"column":0},"end":{"line":9,"column":52}},"7":{"start":{"line":11,"column":0},"end":{"line":16,"column":2}},"8":{"start":{"line":12,"column":4},"end":{"line":12,"column":29}},"9":{"start":{"line":13,"column":4},"end":{"line":13,"column":27}},"10":{"start":{"line":14,"column":4},"end":{"line":14,"column":31}},"11":{"start":{"line":15,"column":4},"end":{"line":15,"column":29}},"12":{"start":{"line":18,"column":0},"end":{"line":48,"column":2}},"13":{"start":{"line":19,"column":4},"end":{"line":19,"column":33}},"14":{"start":{"line":20,"column":4},"end":{"line":20,"column":31}},"15":{"start":{"line":21,"column":4},"end":{"line":21,"column":35}},"16":{"start":{"line":22,"column":4},"end":{"line":22,"column":33}},"17":{"start":{"line":23,"column":4},"end":{"line":24,"column":122}},"18":{"start":{"line":24,"column":8},"end":{"line":24,"column":122}},"19":{"start":{"line":25,"column":4},"end":{"line":47,"column":7}},"20":{"start":{"line":26,"column":8},"end":{"line":46,"column":10}},"21":{"start":{"line":28,"column":16},"end":{"line":44,"column":17}},"22":{"start":{"line":29,"column":20},"end":{"line":29,"column":42}},"23":{"start":{"line":30,"column":23},"end":{"line":44,"column":17}},"24":{"start":{"line":31,"column":20},"end":{"line":31,"column":86}},"25":{"start":{"line":32,"column":23},"end":{"line":44,"column":17}},"26":{"start":{"line":33,"column":20},"end":{"line":41,"column":22}},"27":{"start":{"line":35,"column":28},"end":{"line":39,"column":29}},"28":{"start":{"line":36,"column":32},"end":{"line":36,"column":54}},"29":{"start":{"line":38,"column":32},"end":{"line":38,"column":79}},"30":{"start":{"line":42,"column":23},"end":{"line":44,"column":17}},"31":{"start":{"line":43,"column":20},"end":{"line":43,"column":115}},"32":{"start":{"line":50,"column":0},"end":{"line":65,"column":2}},"33":{"start":{"line":51,"column":4},"end":{"line":52,"column":62}},"34":{"start":{"line":52,"column":8},"end":{"line":52,"column":62}},"35":{"start":{"line":53,"column":4},"end":{"line":53,"column":22}},"36":{"start":{"line":54,"column":4},"end":{"line":64,"column":6}},"37":{"start":{"line":56,"column":12},"end":{"line":60,"column":13}},"38":{"start":{"line":57,"column":16},"end":{"line":57,"column":38}},"39":{"start":{"line":58,"column":19},"end":{"line":60,"column":13}},"40":{"start":{"line":59,"column":16},"end":{"line":59,"column":35}},"41":{"start":{"line":62,"column":12},"end":{"line":62,"column":37}},"42":{"start":{"line":67,"column":0},"end":{"line":97,"column":2}},"43":{"start":{"line":68,"column":4},"end":{"line":68,"column":40}},"44":{"start":{"line":69,"column":4},"end":{"line":70,"column":70}},"45":{"start":{"line":70,"column":8},"end":{"line":70,"column":70}},"46":{"start":{"line":71,"column":4},"end":{"line":96,"column":7}},"47":{"start":{"line":72,"column":8},"end":{"line":95,"column":10}},"48":{"start":{"line":74,"column":16},"end":{"line":93,"column":17}},"49":{"start":{"line":75,"column":20},"end":{"line":75,"column":42}},"50":{"start":{"line":76,"column":23},"end":{"line":93,"column":17}},"51":{"start":{"line":77,"column":20},"end":{"line":77,"column":86}},"52":{"start":{"line":78,"column":23},"end":{"line":93,"column":17}},"53":{"start":{"line":79,"column":20},"end":{"line":79,"column":38}},"54":{"start":{"line":80,"column":20},"end":{"line":90,"column":22}},"55":{"start":{"line":82,"column":28},"end":{"line":86,"column":29}},"56":{"start":{"line":83,"column":32},"end":{"line":83,"column":54}},"57":{"start":{"line":84,"column":35},"end":{"line":86,"column":29}},"58":{"start":{"line":85,"column":32},"end":{"line":85,"column":51}},"59":{"start":{"line":88,"column":28},"end":{"line":88,"column":53}},"60":{"start":{"line":91,"column":23},"end":{"line":93,"column":17}},"61":{"start":{"line":92,"column":20},"end":{"line":92,"column":115}},"62":{"start":{"line":99,"column":0},"end":{"line":99,"column":25}}},"branchMap":{"1":{"line":23,"type":"if","locations":[{"start":{"line":23,"column":4},"end":{"line":23,"column":4}},{"start":{"line":23,"column":4},"end":{"line":23,"column":4}}]},"2":{"line":28,"type":"if","locations":[{"start":{"line":28,"column":16},"end":{"line":28,"column":16}},{"start":{"line":28,"column":16},"end":{"line":28,"column":16}}]},"3":{"line":30,"type":"if","locations":[{"start":{"line":30,"column":23},"end":{"line":30,"column":23}},{"start":{"line":30,"column":23},"end":{"line":30,"column":23}}]},"4":{"line":32,"type":"if","locations":[{"start":{"line":32,"column":23},"end":{"line":32,"column":23}},{"start":{"line":32,"column":23},"end":{"line":32,"column":23}}]},"5":{"line":35,"type":"if","locations":[{"start":{"line":35,"column":28},"end":{"line":35,"column":28}},{"start":{"line":35,"column":28},"end":{"line":35,"column":28}}]},"6":{"line":42,"type":"if","locations":[{"start":{"line":42,"column":23},"end":{"line":42,"column":23}},{"start":{"line":42,"column":23},"end":{"line":42,"column":23}}]},"7":{"line":51,"type":"if","locations":[{"start":{"line":51,"column":4},"end":{"line":51,"column":4}},{"start":{"line":51,"column":4},"end":{"line":51,"column":4}}]},"8":{"line":56,"type":"if","locations":[{"start":{"line":56,"column":12},"end":{"line":56,"column":12}},{"start":{"line":56,"column":12},"end":{"line":56,"column":12}}]},"9":{"line":58,"type":"if","locations":[{"start":{"line":58,"column":19},"end":{"line":58,"column":19}},{"start":{"line":58,"column":19},"end":{"line":58,"column":19}}]},"10":{"line":69,"type":"if","locations":[{"start":{"line":69,"column":4},"end":{"line":69,"column":4}},{"start":{"line":69,"column":4},"end":{"line":69,"column":4}}]},"11":{"line":74,"type":"if","locations":[{"start":{"line":74,"column":16},"end":{"line":74,"column":16}},{"start":{"line":74,"column":16},"end":{"line":74,"column":16}}]},"12":{"line":76,"type":"if","locations":[{"start":{"line":76,"column":23},"end":{"line":76,"column":23}},{"start":{"line":76,"column":23},"end":{"line":76,"column":23}}]},"13":{"line":78,"type":"if","locations":[{"start":{"line":78,"column":23},"end":{"line":78,"column":23}},{"start":{"line":78,"column":23},"end":{"line":78,"column":23}}]},"14":{"line":82,"type":"if","locations":[{"start":{"line":82,"column":28},"end":{"line":82,"column":28}},{"start":{"line":82,"column":28},"end":{"line":82,"column":28}}]},"15":{"line":84,"type":"if","locations":[{"start":{"line":84,"column":35},"end":{"line":84,"column":35}},{"start":{"line":84,"column":35},"end":{"line":84,"column":35}}]},"16":{"line":91,"type":"if","locations":[{"start":{"line":91,"column":23},"end":{"line":91,"column":23}},{"start":{"line":91,"column":23},"end":{"line":91,"column":23}}]}}},"/Users/guoqing/Downloads/s17-ESN-SV2-master 3/unit_test/privateMessage_test.js":{"path":"/Users/guoqing/Downloads/s17-ESN-SV2-master 3/unit_test/privateMessage_test.js","s":{"1":1,"2":1,"3":1,"4":1,"5":1,"6":1,"7":1,"8":1,"9":1,"10":1,"11":1,"12":1,"13":1,"14":1,"15":1,"16":1,"17":0,"18":1,"19":1,"20":1,"21":1,"22":1,"23":1,"24":1,"25":1,"26":0,"27":1,"28":1,"29":1,"30":1,"31":1,"32":1,"33":1,"34":1,"35":1,"36":1,"37":1,"38":1,"39":1,"40":1,"41":1,"42":1,"43":1,"44":1,"45":1,"46":1,"47":1,"48":1,"49":1,"50":1,"51":1,"52":1,"53":1,"54":1,"55":1,"56":1,"57":1,"58":1,"59":1,"60":1,"61":1,"62":1,"63":1,"64":1,"65":1,"66":1,"67":1,"68":1,"69":1,"70":1,"71":1,"72":1,"73":1},"b":{"1":[1,0],"2":[1,0]},"f":{"1":1,"2":1,"3":1,"4":1,"5":1,"6":1,"7":1,"8":1,"9":1,"10":1,"11":1,"12":1,"13":1,"14":1,"15":1,"16":1,"17":1,"18":1,"19":1,"20":1,"21":1,"22":1,"23":1},"fnMap":{"1":{"name":"(anonymous_1)","line":38,"loc":{"start":{"line":38,"column":40},"end":{"line":38,"column":52}}},"2":{"name":"(anonymous_2)","line":40,"loc":{"start":{"line":40,"column":57},"end":{"line":40,"column":73}}},"3":{"name":"(anonymous_3)","line":42,"loc":{"start":{"line":42,"column":29},"end":{"line":42,"column":45}}},"4":{"name":"(anonymous_4)","line":46,"loc":{"start":{"line":46,"column":37},"end":{"line":46,"column":53}}},"5":{"name":"(anonymous_5)","line":57,"loc":{"start":{"line":57,"column":74},"end":{"line":57,"column":90}}},"6":{"name":"(anonymous_6)","line":59,"loc":{"start":{"line":59,"column":29},"end":{"line":59,"column":45}}},"7":{"name":"(anonymous_7)","line":63,"loc":{"start":{"line":63,"column":37},"end":{"line":63,"column":53}}},"8":{"name":"(anonymous_8)","line":74,"loc":{"start":{"line":74,"column":77},"end":{"line":74,"column":93}}},"9":{"name":"(anonymous_9)","line":76,"loc":{"start":{"line":76,"column":42},"end":{"line":76,"column":62}}},"10":{"name":"(anonymous_10)","line":83,"loc":{"start":{"line":83,"column":84},"end":{"line":83,"column":100}}},"11":{"name":"(anonymous_11)","line":85,"loc":{"start":{"line":85,"column":42},"end":{"line":85,"column":62}}},"12":{"name":"(anonymous_12)","line":92,"loc":{"start":{"line":92,"column":86},"end":{"line":92,"column":102}}},"13":{"name":"(anonymous_13)","line":94,"loc":{"start":{"line":94,"column":42},"end":{"line":94,"column":62}}},"14":{"name":"(anonymous_14)","line":101,"loc":{"start":{"line":101,"column":65},"end":{"line":101,"column":81}}},"15":{"name":"(anonymous_15)","line":102,"loc":{"start":{"line":102,"column":43},"end":{"line":102,"column":63}}},"16":{"name":"(anonymous_16)","line":109,"loc":{"start":{"line":109,"column":82},"end":{"line":109,"column":98}}},"17":{"name":"(anonymous_17)","line":111,"loc":{"start":{"line":111,"column":41},"end":{"line":111,"column":60}}},"18":{"name":"(anonymous_18)","line":123,"loc":{"start":{"line":123,"column":86},"end":{"line":123,"column":102}}},"19":{"name":"(anonymous_19)","line":124,"loc":{"start":{"line":124,"column":41},"end":{"line":124,"column":60}}},"20":{"name":"(anonymous_20)","line":131,"loc":{"start":{"line":131,"column":86},"end":{"line":131,"column":102}}},"21":{"name":"(anonymous_21)","line":132,"loc":{"start":{"line":132,"column":41},"end":{"line":132,"column":60}}},"22":{"name":"(anonymous_22)","line":139,"loc":{"start":{"line":139,"column":31},"end":{"line":139,"column":47}}},"23":{"name":"(anonymous_23)","line":140,"loc":{"start":{"line":140,"column":28},"end":{"line":140,"column":40}}}},"statementMap":{"1":{"start":{"line":4,"column":0},"end":{"line":4,"column":34}},"2":{"start":{"line":5,"column":0},"end":{"line":5,"column":60}},"3":{"start":{"line":6,"column":0},"end":{"line":6,"column":40}},"4":{"start":{"line":8,"column":0},"end":{"line":8,"column":39}},"5":{"start":{"line":9,"column":0},"e
[...]
e":5,"column":61}},"4":{"start":{"line":6,"column":0},"end":{"line":6,"column":40}},"5":{"start":{"line":7,"column":0},"end":{"line":7,"column":44}},"6":{"start":{"line":9,"column":0},"end":{"line":9,"column":52}},"7":{"start":{"line":11,"column":0},"end":{"line":17,"column":2}},"8":{"start":{"line":12,"column":4},"end":{"line":12,"column":25}},"9":{"start":{"line":13,"column":4},"end":{"line":13,"column":29}},"10":{"start":{"line":14,"column":4},"end":{"line":14,"column":27}},"11":{"start":{"line":15,"column":4},"end":{"line":15,"column":31}},"12":{"start":{"line":16,"column":4},"end":{"line":16,"column":29}},"13":{"start":{"line":19,"column":0},"end":{"line":62,"column":2}},"14":{"start":{"line":20,"column":4},"end":{"line":20,"column":29}},"15":{"start":{"line":21,"column":4},"end":{"line":21,"column":33}},"16":{"start":{"line":22,"column":4},"end":{"line":22,"column":31}},"17":{"start":{"line":23,"column":4},"end":{"line":23,"column":35}},"18":{"start":{"line":24,"column":4},"end":{"line":24,"column":33}},"19":{"start":{"line":25,"column":4},"end":{"line":26,"column":145}},"20":{"start":{"line":26,"column":8},"end":{"line":26,"column":145}},"21":{"start":{"line":27,"column":4},"end":{"line":61,"column":7}},"22":{"start":{"line":28,"column":8},"end":{"line":60,"column":10}},"23":{"start":{"line":30,"column":16},"end":{"line":58,"column":17}},"24":{"start":{"line":31,"column":20},"end":{"line":31,"column":42}},"25":{"start":{"line":32,"column":23},"end":{"line":58,"column":17}},"26":{"start":{"line":33,"column":20},"end":{"line":33,"column":88}},"27":{"start":{"line":34,"column":23},"end":{"line":58,"column":17}},"28":{"start":{"line":35,"column":20},"end":{"line":55,"column":22}},"29":{"start":{"line":37,"column":28},"end":{"line":53,"column":29}},"30":{"start":{"line":38,"column":32},"end":{"line":38,"column":54}},"31":{"start":{"line":39,"column":35},"end":{"line":53,"column":29}},"32":{"start":{"line":40,"column":32},"end":{"line":40,"column":102}},"33":{"start":{"line":41,"column":35},"end":{"line":53,"column":29}},"34":{"start":{"line":42,"column":32},"end":{"line":50,"column":34}},"35":{"start":{"line":44,"column":40},"end":{"line":48,"column":41}},"36":{"start":{"line":45,"column":44},"end":{"line":45,"column":66}},"37":{"start":{"line":47,"column":44},"end":{"line":47,"column":92}},"38":{"start":{"line":51,"column":35},"end":{"line":53,"column":29}},"39":{"start":{"line":52,"column":32},"end":{"line":52,"column":127}},"40":{"start":{"line":56,"column":23},"end":{"line":58,"column":17}},"41":{"start":{"line":57,"column":20},"end":{"line":57,"column":113}},"42":{"start":{"line":64,"column":0},"end":{"line":80,"column":2}},"43":{"start":{"line":65,"column":4},"end":{"line":65,"column":33}},"44":{"start":{"line":66,"column":4},"end":{"line":66,"column":37}},"45":{"start":{"line":67,"column":4},"end":{"line":68,"column":95}},"46":{"start":{"line":68,"column":8},"end":{"line":68,"column":95}},"47":{"start":{"line":69,"column":4},"end":{"line":79,"column":7}},"48":{"start":{"line":70,"column":8},"end":{"line":78,"column":10}},"49":{"start":{"line":72,"column":16},"end":{"line":76,"column":17}},"50":{"start":{"line":73,"column":20},"end":{"line":73,"column":42}},"51":{"start":{"line":75,"column":20},"end":{"line":75,"column":69}},"52":{"start":{"line":82,"column":0},"end":{"line":125,"column":2}},"53":{"start":{"line":83,"column":4},"end":{"line":83,"column":33}},"54":{"start":{"line":84,"column":4},"end":{"line":84,"column":37}},"55":{"start":{"line":85,"column":4},"end":{"line":86,"column":93}},"56":{"start":{"line":86,"column":8},"end":{"line":86,"column":93}},"57":{"start":{"line":87,"column":4},"end":{"line":124,"column":7}},"58":{"start":{"line":88,"column":8},"end":{"line":123,"column":10}},"59":{"start":{"line":90,"column":16},"end":{"line":121,"column":17}},"60":{"start":{"line":91,"column":20},"end":{"line":91,"column":42}},"61":{"start":{"line":92,"column":23},"end":{"line":121,"column":17}},"62":{"start":{"line":93,"column":20},"end":{"line":93,"column":88}},"63":{"start":{"line":94,"column":23},"end":{"line":121,"column":17}},"64":{"start":{"line":95,"column":20},"end":{"line":118,"column":22}},"65":{"start":{"line":97,"column":28},"end":{"line":116,"column":29}},"66":{"start":{"line":98,"column":32},"end":{"line":98,"column":54}},"67":{"start":{"line":99,"column":35},"end":{"line":116,"column":29}},"68":{"start":{"line":100,"column":32},"end":{"line":100,"column":102}},"69":{"start":{"line":101,"column":35},"end":{"line":116,"column":29}},"70":{"start":{"line":102,"column":32},"end":{"line":102,"column":57}},"71":{"start":{"line":103,"column":32},"end":{"line":113,"column":34}},"72":{"start":{"line":105,"column":40},"end":{"line":109,"column":41}},"73":{"start":{"line":106,"column":44},"end":{"line":106,"column":66}},"74":{"start":{"line":107,"column":47},"end":{"line":109,"column":41}},"75":{"start":{"line":108,"column":44},"end":{"line":108,"column":70}},"76":{"start":{"line":111,"column":40},"end":{"line":111,"column":72}},"77":{"start":{"line":114,"column":35},"end":{"line":116,"column":29}},"78":{"start":{"line":115,"column":32},"end":{"line":115,"column":127}},"79":{"start":{"line":119,"column":23},"end":{"line":121,"column":17}},"80":{"start":{"line":120,"column":20},"end":{"line":120,"column":113}},"81":{"start":{"line":127,"column":0},"end":{"line":127,"column":32}}},"branchMap":{"1":{"line":25,"type":"if","locations":[{"start":{"line":25,"column":4},"end":{"line":25,"column":4}},{"start":{"line":25,"column":4},"end":{"line":25,"column":4}}]},"2":{"line":30,"type":"if","locations":[{"start":{"line":30,"column":16},"end":{"line":30,"column":16}},{"start":{"line":30,"column":16},"end":{"line":30,"column":16}}]},"3":{"line":32,"type":"if","locations":[{"start":{"line":32,"column":23},"end":{"line":32,"column":23}},{"start":{"line":32,"column":23},"end":{"line":32,"column":23}}]},"4":{"line":34,"type":"if","locations":[{"start":{"line":34,"column":23},"end":{"line":34,"column":23}},{"start":{"line":34,"column":23},"end":{"line":34,"column":23}}]},"5":{"line":37,"type":"if","locations":[{"start":{"line":37,"column":28},"end":{"line":37,"column":28}},{"start":{"line":37,"column":28},"end":{"line":37,"column":28}}]},"6":{"line":39,"type":"if","locations":[{"start":{"line":39,"column":35},"end":{"line":39,"column":35}},{"start":{"line":39,"column":35},"end":{"line":39,"column":35}}]},"7":{"line":41,"type":"if","locations":[{"start":{"line":41,"column":35},"end":{"line":41,"column":35}},{"start":{"line":41,"column":35},"end":{"line":41,"column":35}}]},"8":{"line":44,"type":"if","locations":[{"start":{"line":44,"column":40},"end":{"line":44,"column":40}},{"start":{"line":44,"column":40},"end":{"line":44,"column":40}}]},"9":{"line":51,"type":"if","locations":[{"start":{"line":51,"column":35},"end":{"line":51,"column":35}},{"start":{"line":51,"column":35},"end":{"line":51,"column":35}}]},"10":{"line":56,"type":"if","locations":[{"start":{"line":56,"column":23},"end":{"line":56,"column":23}},{"start":{"line":56,"column":23},"end":{"line":56,"column":23}}]},"11":{"line":67,"type":"if","locations":[{"start":{"line":67,"column":4},"end":{"line":67,"column":4}},{"start":{"line":67,"column":4},"end":{"line":67,"column":4}}]},"12":{"line":72,"type":"if","locations":[{"start":{"line":72,"column":16},"end":{"line":72,"column":16}},{"start":{"line":72,"column":16},"end":{"line":72,"column":16}}]},"13":{"line":85,"type":"if","locations":[{"start":{"line":85,"column":4},"end":{"line":85,"column":4}},{"start":{"line":85,"column":4},"end":{"line":85,"column":4}}]},"14":{"line":90,"type":"if","locations":[{"start":{"line":90,"column":16},"end":{"line":90,"column":16}},{"start":{"line":90,"column":16},"end":{"line":90,"column":16}}]},"15":{"line":92,"type":"if","locations":[{"start":{"line":92,"column":23},"end":{"line":92,"column":23}},{"start":{"line":92,"column":23},"end":{"line":92,"column":23}}]},"16":{"line":94,"type":"if","locations":[{"start":{"line":94,"column":23},"end":{"line":94,"column":23}},{"start":{"line":94,"column":23},"end":{"line":94,"column":23}}]},"17":{"line":97,"type":"if","locations":[{"start":{"line":97,"column":28},"end":{"line":97,"column":28}},{"start":{"line":97,"column":28},"end":{"line":97,"column":28}}]},"18":{"line":99,"type":"if","locations":[{"start":{"line":99,"column":35},"end":{"line":99,"column":35}},{"start":{"line":99,"column":35},"end":{"line":99,"column":35}}]},"19":{"line":101,"type":"if","locations":[{"start":{"line":101,"column":35},"end":{"line":101,"column":35}},{"start":{"line":101,"column":35},"end":{"line":101,"column":35}}]},"20":{"line":105,"type":"if","locations":[{"start":{"line":105,"column":40},"end":{"line":105,"column":40}},{"start":{"line":105,"column":40},"end":{"line":105,"column":40}}]},"21":{"line":107,"type":"if","locations":[{"start":{"line":107,"column":47},"end":{"line":107,"column":47}},{"start":{"line":107,"column":47},"end":{"line":107,"column":47}}]},"22":{"line":114,"type":"if","locations":[{"start":{"line":114,"column":35},"end":{"line":114,"column":35}},{"start":{"line":114,"column":35},"end":{"line":114,"column":35}}]},"23":{"line":119,"type":"if","locations":[{"start":{"line":119,"column":23},"end":{"line":119,"column":23}},{"start":{"line":119,"column":23},"end":{"line":119,"column":23}}]}}},"/Users/guoqing/Downloads/s17-ESN-SV2-master 3/unit_test/notification_test.js":{"path":"/Users/guoqing/Downloads/s17-ESN-SV2-master 3/unit_test/notification_test.js","s":{"1":1,"2":1,"3":1,"4":1,"5":1,"6":1,"7":1,"8":1,"9":1,"10":1,"11":1,"12":1,"13":1,"14":1,"15":1,"16":0,"17":1,"18":1,"19":1,"20":1,"21":1,"22":1,"23":1,"24":1,"25":1,"26":1,"27":1,"28":1,"29":1,"30":1,"31":1,"32":1,"33":1,"34":1,"35":1,"36":1,"37":1,"38":1,"39":1,"40":1},"b":{"1":[1,0]},"f":{"1":1,"2":1,"3":1,"4":1,"5":1,"6":1,"7":1,"8":1,"9":1,"10":1,"11":1,"12":1},"fnMap":{"1":{"name":"(anonymous_1)","line":25,"loc":{"start":{"line":25,"column":33},"end":{"line":25,"column":45}}},"2":{"name":"(anonymous_2)","line":27,"loc":{"start":{"line":27,"column":57},"end":{"line":27,"column":73}}},"3":{"name":"(anonymous_3)","line":29,"loc":{"start":{"line":29,"column":29},"end":{"line":29,"column":45}}},"4":{"name":"(anonymous_4)","line":33,"loc":{"start":{"line":33,"column":37},"end":{"line":33,"column":53}}},"5":{"name":"(anonymous_5)","line":44,"loc":{"start":{"line":44,"column":61},"end":{"line":44,"column":77}}},"6":{"name":"(anonymous_6)","line":46,"loc":{"start":{"line":46,"column":38},"end":{"line":46,"column":58}}},"7":{"name":"(anonymous_7)","line":53,"loc":{"start":{"line":53,"column":68},"end":{"line":53,"column":84}}},"8":{"name":"(anonymous_8)","line":55,"loc":{"start":{"line":55,"column":38},"end":{"line":55,"column":58}}},"9":{"name":"(anonymous_9)","line":62,"loc":{"start":{"line":62,"column":58},"end":{"line":62,"column":74}}},"10":{"name":"(anonymous_10)","line":64,"loc":{"start":{"line":64,"column":38},"end":{"line":64,"column":68}}},"11":{"name":"(anonymous_11)","line":82,"loc":{"start":{"line":82,"column":31},"end":{"line":82,"column":47}}},"12":{"name":"(anonymous_12)","line":83,"loc":{"start":{"line":83,"column":28},"end":{"line":83,"column":40}}}},"statementMap":{"1":{"start":{"line":1,"column":0},"end":{"line":1,"column":34}},"2":{"start":{"line":3,"column":0},"end":{"line":3,"column":40}},"3":{"start":{"line":4,"column":0},"end":{"line":4,"column":56}},"4":{"start":{"line":6,"column":0},"end":{"line":6,"column":39}},"5":{"start":{"line":7,"column":0},"end":{"line":7,"column":44}},"6":{"start":{"line":9,"column":0},"end":{"line":15,"column":2}},"7":{"start":{"line":17,"column":0},"end":{"line":23,"column":2}},"8":{"start":{"line":25,"column":0},"end":{"line":88,"column":3}},"9":{"start":{"line":27,"column":4},"end":{"line":42,"column":7}},"10":{"start":{"line":28,"column":8},"end":{"line":28,"column":65}},"11":{"start":{"line":29,"column":8},"end":{"line":41,"column":11}},"12":{"start":{"line":30,"column":12},"end":{"line":30,"column":30}},"13":{"start":{"line":31,"column":12},"end":{"line":39,"column":13}},"14":{"start":{"line":33,"column":16},"end":{"line":35,"column":19}},"15":{"start":{"line":34,"column":20},"end":{"line":34,"column":62}},"16":{"start":{"line":38,"column":16},"end":{"line":38,"column":58}},"17":{"start":{"line":40,"column":12},"end":{"line":40,"column":19}},"18":{"start":{"line":44,"column":4},"end":{"line":51,"column":7}},"19":{"start":{"line":45,"column":8},"end":{"line":45,"column":108}},"20":{"start":{"line":46,"column":8},"end":{"line":50,"column":11}},"21":{"start":{"line":47,"column":12},"end":{"line":47,"column":39}},"22":{"start":{"line":48,"column":12},"end":{"line":48,"column":59}},"23":{"start":{"line":49,"column":12},"end":{"line":49,"column":19}},"24":{"start":{"line":53,"column":4},"end":{"line":60,"column":7}},"25":{"start":{"line":54,"column":8},"end":{"line":54,"column":104}},"26":{"start":{"line":55,"column":8},"end":{"line":59,"column":11}},"27":{"start":{"line":56,"column":12},"end":{"line":56,"column":62}},"28":{"start":{"line":57,"column":12},"end":{"line":57,"column":39}},"29":{"start":{"line":58,"column":12},"end":{"line":58,"column":19}},"30":{"start":{"line":62,"column":4},"end":{"line":72,"column":7}},"31":{"start":{"line":63,"column":8},"end":{"line":63,"column":104}},"32":{"start":{"line":64,"column":8},"end":{"line":71,"column":41}},"33":{"start":{"line":65,"column":12},"end":{"line":65,"column":39}},"34":{"start":{"line":66,"column":12},"end":{"line":66,"column":78}},"35":{"start":{"line":67,"column":12},"end":{"line":67,"column":76}},"36":{"start":{"line":68,"column":12},"end":{"line":68,"column":80}},"37":{"start":{"line":70,"column":12},"end":{"line":70,"column":19}},"38":{"start":{"line":82,"column":4},"end":{"line":86,"column":7}},"39":{"start":{"line":83,"column":8},"end":{"line":85,"column":11}},"40":{"start":{"line":84,"column":12},"end":{"line":84,"column":19}}},"branchMap":{"1":{"line":31,"type":"if","locations":[{"start":{"line":31,"column":12},"end":{"line":31,"column":12}},{"start":{"line":31,"column":12},"end":{"line":31,"column":12}}]}}},"/Users/guoqing/Downloads/s17-ESN-SV2-master 3/models/notification.js":{"path":"/Users/guoqing/Downloads/s17-ESN-SV2-master 3/models/notification.js","s":{"1":1,"2":1,"3":1,"4":1,"5":1,"6":1,"7":1,"8":3,"9":3,"10":3,"11":3,"12":1,"13":2,"14":2,"15":2,"16":2,"17":2,"18":2,"19":2,"20":2,"21":2,"22":0,"23":2,"24":1,"25":1,"26":1,"27":1,"28":0,"29":1,"30":0,"31":0,"32":1,"33":1,"34":1,"35":1,"36":1,"37":1,"38":0,"39":1,"40":1,"41":1,"42":1},"b":{"1":[2,0],"2":[0,2],"3":[1,1],"4":[1,0],"5":[0,1],"6":[0,0],"7":[1,0],"8":[0,1],"9":[1,0]},"f":{"1":3,"2":2,"3":2,"4":2,"5":1,"6":1,"7":1,"8":1},"fnMap":{"1":{"name":"(anonymous_1)","line":11,"loc":{"start":{"line":11,"column":19},"end":{"line":11,"column":64}}},"2":{"name":"(anonymous_2)","line":18,"loc":{"start":{"line":18,"column":42},"end":{"line":18,"column":61}}},"3":{"name":"(anonymous_3)","line":25,"loc":{"start":{"line":25,"column":17},"end":{"line":25,"column":29}}},"4":{"name":"(anonymous_4)","line":27,"loc":{"start":{"line":27,"column":12},"end":{"line":27,"column":35}}},"5":{"name":"(anonymous_5)","line":34,"loc":{"start":{"line":34,"column":24},"end":{"line":34,"column":41}}},"6":{"name":"(anonymous_6)","line":50,"loc":{"start":{"line":50,"column":32},"end":{"line":50,"column":51}}},"7":{"name":"(anonymous_7)","line":55,"loc":{"start":{"line":55,"column":8},"end":{"line":55,"column":30}}},"8":{"name":"(anonymous_8)","line":61,"loc":{"start":{"line":61,"column":11},"end":{"line":61,"column":23}}}},"statementMap":{"1":{"start":{"line":3,"column":0},"end":{"line":3,"column":32}},"2":{"start":{"line":4,"column":0},"end":{"line":4,"column":41}},"3":{"start":{"line":5,"column":0},"end":{"line":5,"column":57}},"4":{"start":{"line":6,"column":0},"end":{"line":6,"column":40}},"5":{"start":{"line":7,"column":0},"end":{"line":7,"column":44}},"6":{"start":{"line":9,"column":0},"end":{"line":9,"column":52}},"7":{"start":{"line":11,"column":0},"end":{"line":16,"column":2}},"8":{"start":{"line":12,"column":4},"end":{"line":12,"column":29}},"9":{"start":{"line":13,"column":4},"end":{"line":13,"column":27}},"10":{"start":{"line":14,"column":4},"end":{"line":14,"column":31}},"11":{"start":{"line":15,"column":4},"end":{"line":15,"column":21}},"12":{"start":{"line":18,"column":0},"end":{"line":48,"column":2}},"13":{"start":{"line":19,"column":4},"end":{"line":19,"column":33}},"14":{"start":{"line":20,"column":4},"end":{"line":20,"column":31}},"15":{"start":{"line":21,"column":4},"end":{"line":21,"column":35}},"16":{"start":{"line":22,"column":4},"end":{"line":22,"column":25}},"17":{"start":{"line":23,"column":4},"end":{"line":24,"column":122}},"18":{"start":{"line":24,"column":8},"end":{"line":24,"column":122}},"19":{"start":{"line":25,"column":4},"end":{"line":47,"column":7}},"20":{"start":{"line":26,"column":8},"end":{"line":46,"column":10}},"21":{"start":{"line":28,"column":16},"end":{"line":44,"column":17}},"22":{"start":{"line":29,"column":20},"end":{"line":29,"column":42}},"23":{"start":{"line":30,"column":23},"end":{"line":44,"column":17}},"24":{"start":{"line":31,"column":20},"end":{"line":31,"column":86}},"25":{"start":{"line":32,"column":23},"end":{"line":44,"column":17}},"26":{"start":{"line":33,"column":20},"end":{"line":41,"column":22}},"27":{"start":{"line":35,"column":28},"end":{"line":39,"column":29}},"28":{"start":{"line":36,"column":32},"end":{"line":36,"column":54}},"29":{"start":{"line":38,"column":32},"end":{"line":38,"column":78}},"30":{"start":{"line":42,"column":23},"end":{"line":44,"column":17}},"31":{"start":{"line":43,"column":20},"end":{"line":43,"column":115}},"32":{"start":{"line":50,"column":0},"end":{"line":65,"column":2}},"33":{"start":{"line":51,"column":4},"end":{"line":52,"column":63}},"34":{"start":{"line":52,"column":8},"end":{"line":52,"column":63}},"35":{"start":{"line":53,"column":4},"end":{"line":53,"column":27}},"36":{"start":{"line":54,"column":4},"end":{"line":64,"column":6}},"37":{"start":{"line":56,"column":12},"end":{"line":60,"column":13}},"38":{"start":{"line":57,"column":16},"end":{"line":57,"column":38}},"39":{"start":{"line":58,"column":19},"end":{"line":60,"column":13}},"40":{"start":{"line":59,"column":16},"end":{"line":59,"column":40}},"41":{"start":{"line":62,"column":12},"end":{"line":62,"column":42}},"42":{"start":{"line":67,"column":0},"end":{"line":67,"column":30}}},"branchMap":{"1":{"line":23,"type":"if","locations":[{"start":{"line":23,"column":4},"end":{"line":23,"column":4}},{"start":{"line":23,"column":4},"end":{"line":23,"column":4}}]},"2":{"line":28,"type":"if","locations":[{"start":{"line":28,"column":16},"end":{"line":28,"column":16}},{"start":{"line":28,"column":16},"end":{"line":28,"column":16}}]},"3":{"line":30,"type":"if","locations":[{"start":{"line":30,"column":23},"end":{"line":30,"column":23}},{"start":{"line":30,"column":23},"end":{"line":30,"column":23}}]},"4":{"line":32,"type":"if","locations":[{"start":{"line":32,"column":23},"end":{"line":32,"column":23}},{"start":{"line":32,"column":23},"end":{"line":32,"column":23}}]},"5":{"line":35,"type":"if","locations":[{"start":{"line":35,"column":28},"end":{"line":35,"column":28}},{"start":{"line":35,"column":28},"end":{"line":35,"column":28}}]},"6":{"line":42,"type":"if","locations":[{"start":{"line":42,"column":23},"end":{"line":42,"column":23}},{"start":{"line":42,"column":23},"end":{"line":42,"column":23}}]},"7":{"line":51,"type":"if","locations":[{"start":{"line":51,"column":4},"end":{"line":51,"column":4}},{"start":{"line":51,"column":4},"end":{"line":51,"column":4}}]},"8":{"line":56,"type":"if","locations":[{"start":{"line":56,"column":12},"end":{"line":56,"column":12}},{"start":{"line":56,"column":12},"end":{"line":56,"column":12}}]},"9":{"line":58,"type":"if","locations":[{"start":{"line":58,"column":19},"end":{"line":58,"column":19}},{"start":{"line":58,"column":19},"end":{"line":58,"column":19}}]}}}}