TN:
SF:/Users/guoqing/Downloads/s17-ESN-SV2-master 3/unit_test/user_test.js
FN:38,(anonymous_1)
FN:40,(anonymous_2)
FN:42,(anonymous_3)
FN:46,(anonymous_4)
FN:57,(anonymous_5)
FN:59,(anonymous_6)
FN:63,(anonymous_7)
FN:74,(anonymous_8)
FN:75,(anonymous_9)
FN:83,(anonymous_10)
FN:84,(anonymous_11)
FN:92,(anonymous_12)
FN:93,(anonymous_13)
FN:102,(anonymous_14)
FN:103,(anonymous_15)
FNF:15
FNH:15
FNDA:1,(anonymous_1)
FNDA:1,(anonymous_2)
FNDA:1,(anonymous_3)
FNDA:1,(anonymous_4)
FNDA:1,(anonymous_5)
FNDA:1,(anonymous_6)
FNDA:1,(anonymous_7)
FNDA:1,(anonymous_8)
FNDA:1,(anonymous_9)
FNDA:1,(anonymous_10)
FNDA:1,(anonymous_11)
FNDA:1,(anonymous_12)
FNDA:1,(anonymous_13)
FNDA:1,(anonymous_14)
FNDA:1,(anonymous_15)
DA:4,1
DA:5,1
DA:7,1
DA:8,1
DA:10,1
DA:19,1
DA:28,1
DA:38,1
DA:40,1
DA:41,1
DA:42,1
DA:43,1
DA:44,1
DA:46,1
DA:47,1
DA:51,0
DA:53,1
DA:57,1
DA:58,1
DA:59,1
DA:60,1
DA:61,1
DA:63,1
DA:64,1
DA:68,0
DA:70,1
DA:74,1
DA:75,1
DA:76,1
DA:77,1
DA:78,1
DA:83,1
DA:84,1
DA:85,1
DA:86,1
DA:87,1
DA:92,1
DA:93,1
DA:95,1
DA:96,1
DA:97,1
DA:102,1
DA:103,1
DA:104,1
LF:44
LH:42
BRDA:44,1,0,1
BRDA:44,1,1,0
BRDA:61,2,0,1
BRDA:61,2,1,0
BRF:4
BRH:2
end_of_record
TN:
SF:/Users/guoqing/Downloads/s17-ESN-SV2-master 3/models/user.js
FN:12,(anonymous_1)
FN:17,(anonymous_2)
FN:22,(anonymous_3)
FN:24,(anonymous_4)
FN:29,(anonymous_5)
FN:34,(anonymous_6)
FN:47,(anonymous_7)
FN:67,(anonymous_8)
FN:73,(anonymous_9)
FN:90,(anonymous_10)
FN:91,(anonymous_11)
FN:103,(anonymous_12)
FN:110,(anonymous_13)
FN:115,(anonymous_14)
FNF:14
FNH:13
FNDA:8,(anonymous_1)
FNDA:16,(anonymous_2)
FNDA:16,(anonymous_3)
FNDA:16,(anonymous_4)
FNDA:8,(anonymous_5)
FNDA:8,(anonymous_6)
FNDA:8,(anonymous_7)
FNDA:1,(anonymous_8)
FNDA:2,(anonymous_9)
FNDA:1,(anonymous_10)
FNDA:0,(anonymous_11)
FNDA:1,(anonymous_12)
FNDA:2,(anonymous_13)
FNDA:2,(anonymous_14)
DA:3,1
DA:4,1
DA:5,1
DA:6,1
DA:7,1
DA:8,1
DA:10,1
DA:12,1
DA:13,8
DA:14,8
DA:17,1
DA:18,16
DA:19,16
DA:20,16
DA:21,16
DA:22,16
DA:23,16
DA:25,16
DA:26,0
DA:27,16
DA:28,8
DA:30,8
DA:31,0
DA:33,8
DA:35,8
DA:36,0
DA:38,8
DA:45,8
DA:46,8
DA:48,8
DA:49,0
DA:50,8
DA:51,0
DA:53,8
DA:54,8
DA:59,0
DA:60,0
DA:67,1
DA:68,1
DA:69,1
DA:70,1
DA:71,1
DA:72,1
DA:74,2
DA:75,0
DA:76,2
DA:77,2
DA:91,1
DA:92,0
DA:93,0
DA:95,0
DA:96,0
DA:97,0
DA:98,0
DA:99,0
DA:104,1
DA:110,1
DA:111,2
DA:112,2
DA:113,2
DA:114,2
DA:116,2
DA:117,0
DA:118,2
DA:119,1
DA:120,1
DA:121,1
DA:122,0
DA:123,0
DA:129,1
LF:70
LH:52
BRDA:20,1,0,16
BRDA:20,1,1,0
BRDA:25,2,0,0
BRDA:25,2,1,16
BRDA:27,3,0,8
BRDA:27,3,1,8
BRDA:30,4,0,0
BRDA:30,4,1,8
BRDA:35,5,0,0
BRDA:35,5,1,8
BRDA:45,6,0,8
BRDA:45,6,1,0
BRDA:48,7,0,0
BRDA:48,7,1,8
BRDA:50,8,0,0
BRDA:50,8,1,8
BRDA:53,9,0,8
BRDA:53,9,1,0
BRDA:59,10,0,0
BRDA:59,10,1,0
BRDA:68,11,0,1
BRDA:68,11,1,0
BRDA:74,12,0,0
BRDA:74,12,1,2
BRDA:76,13,0,2
BRDA:76,13,1,0
BRDA:92,14,0,0
BRDA:92,14,1,0
BRDA:95,15,0,0
BRDA:95,15,1,0
BRDA:97,16,0,0
BRDA:97,16,1,0
BRDA:112,17,0,2
BRDA:112,17,1,0
BRDA:116,18,0,0
BRDA:116,18,1,2
BRDA:118,19,0,1
BRDA:118,19,1,1
BRDA:120,20,0,1
BRDA:120,20,1,0
BRDA:122,21,0,0
BRDA:122,21,1,0
BRF:42
BRH:18
end_of_record
TN:
SF:/Users/guoqing/Downloads/s17-ESN-SV2-master 3/db/db.js
FNF:0
FNH:0
DA:3,1
DA:5,1
DA:7,1
DA:8,1
DA:10,0
DA:12,1
DA:14,1
LF:7
LH:6
BRDA:7,1,0,1
BRDA:7,1,1,0
BRF:2
BRH:1
end_of_record
TN:
SF:/Users/guoqing/Downloads/s17-ESN-SV2-master 3/config/global.js
FNF:0
FNH:0
DA:3,1
DA:5,1
DA:16,1
DA:23,1
DA:29,1
LF:5
LH:5
BRF:0
BRH:0
end_of_record
TN:
SF:/Users/guoqing/Downloads/s17-ESN-SV2-master 3/db/init_db.js
FN:18,(anonymous_1)
FN:26,(anonymous_2)
FN:30,(anonymous_3)
FN:35,(anonymous_4)
FN:38,(anonymous_5)
FN:53,createDBAndTables
FN:54,(anonymous_7)
FNF:7
FNH:6
FNDA:1,(anonymous_1)
FNDA:1,(anonymous_2)
FNDA:0,(anonymous_3)
FNDA:6,(anonymous_4)
FNDA:6,(anonymous_5)
FNDA:7,createDBAndTables
FNDA:7,(anonymous_7)
DA:3,1
DA:4,1
DA:5,1
DA:7,1
DA:8,1
DA:9,1
DA:10,1
DA:11,1
DA:12,1
DA:14,1
DA:16,1
DA:19,1
DA:20,1
DA:21,1
DA:22,1
DA:23,1
DA:24,1
DA:25,1
DA:26,1
DA:28,0
DA:29,0
DA:30,0
DA:32,1
DA:36,6
DA:37,6
DA:38,6
DA:39,6
DA:40,6
DA:41,6
DA:42,6
DA:43,6
DA:44,6
DA:45,6
DA:46,6
DA:53,1
DA:54,7
DA:55,7
DA:56,7
DA:57,7
DA:58,7
DA:59,7
DA:60,7
DA:62,7
DA:63,7
LF:44
LH:41
BRDA:22,1,0,1
BRDA:22,1,1,0
BRDA:22,2,0,1
BRDA:22,2,1,1
BRDA:28,3,0,0
BRDA:28,3,1,0
BRDA:36,4,0,6
BRDA:36,4,1,0
BRF:8
BRH:4
end_of_record
TN:
SF:/Users/guoqing/Downloads/s17-ESN-SV2-master 3/db/sql_user.js
FN:20,(anonymous_1)
FN:32,(anonymous_2)
FN:37,(anonymous_3)
FN:42,(anonymous_4)
FN:47,(anonymous_5)
FN:52,(anonymous_6)
FN:57,(anonymous_7)
FN:62,(anonymous_8)
FN:67,(anonymous_9)
FNF:9
FNH:6
FNDA:7,(anonymous_1)
FNDA:6,(anonymous_2)
FNDA:1,(anonymous_3)
FNDA:0,(anonymous_4)
FNDA:40,(anonymous_5)
FNDA:8,(anonymous_6)
FNDA:8,(anonymous_7)
FNDA:0,(anonymous_8)
FNDA:0,(anonymous_9)
DA:3,1
DA:21,7
DA:29,7
DA:33,6
DA:34,6
DA:38,1
DA:39,1
DA:43,0
DA:44,0
DA:48,40
DA:49,40
DA:53,8
DA:54,8
DA:58,8
DA:59,8
DA:63,0
DA:64,0
DA:68,0
DA:69,0
LF:19
LH:13
BRF:0
BRH:0
end_of_record
TN:
SF:/Users/guoqing/Downloads/s17-ESN-SV2-master 3/db/sql_message.js
FN:14,(anonymous_1)
FN:27,(anonymous_2)
FN:32,(anonymous_3)
FN:37,(anonymous_4)
FN:42,(anonymous_5)
FNF:5
FNH:5
FNDA:7,(anonymous_1)
FNDA:6,(anonymous_2)
FNDA:1,(anonymous_3)
FNDA:1,(anonymous_4)
FNDA:1,(anonymous_5)
DA:3,1
DA:15,7
DA:24,7
DA:28,6
DA:29,6
DA:33,1
DA:34,1
DA:38,1
DA:39,1
DA:43,1
DA:44,1
LF:11
LH:11
BRF:0
BRH:0
end_of_record
TN:
SF:/Users/guoqing/Downloads/s17-ESN-SV2-master 3/db/sql_announcement.js
FN:13,(anonymous_1)
FN:25,(anonymous_2)
FN:30,(anonymous_3)
FN:35,(anonymous_4)
FNF:4
FNH:4
FNDA:7,(anonymous_1)
FNDA:6,(anonymous_2)
FNDA:1,(anonymous_3)
FNDA:1,(anonymous_4)
DA:3,1
DA:14,7
DA:22,7
DA:26,6
DA:27,6
DA:31,1
DA:32,1
DA:36,1
DA:37,1
LF:9
LH:9
BRF:0
BRH:0
end_of_record
TN:
SF:/Users/guoqing/Downloads/s17-ESN-SV2-master 3/db/sql_status.js
FN:17,(anonymous_1)
FN:29,(anonymous_2)
FN:34,(anonymous_3)
FN:39,(anonymous_4)
FN:47,(anonymous_5)
FNF:5
FNH:5
FNDA:7,(anonymous_1)
FNDA:6,(anonymous_2)
FNDA:8,(anonymous_3)
FNDA:1,(anonymous_4)
FNDA:2,(anonymous_5)
DA:3,1
DA:18,7
DA:26,7
DA:30,6
DA:31,6
DA:35,8
DA:36,8
DA:40,1
DA:44,1
DA:48,2
DA:49,2
LF:11
LH:11
BRF:0
BRH:0
end_of_record
TN:
SF:/Users/guoqing/Downloads/s17-ESN-SV2-master 3/db/sql_privateMessage.js
FN:18,(anonymous_1)
FN:34,(anonymous_2)
FN:39,(anonymous_3)
FN:44,(anonymous_4)
FN:49,(anonymous_5)
FN:54,(anonymous_6)
FNF:6
FNH:6
FNDA:7,(anonymous_1)
FNDA:6,(anonymous_2)
FNDA:1,(anonymous_3)
FNDA:1,(anonymous_4)
FNDA:1,(anonymous_5)
FNDA:1,(anonymous_6)
DA:3,1
DA:19,7
DA:31,7
DA:35,6
DA:36,6
DA:40,1
DA:41,1
DA:45,1
DA:46,1
DA:50,1
DA:51,1
DA:55,1
DA:56,1
LF:13
LH:13
BRF:0
BRH:0
end_of_record
TN:
SF:/Users/guoqing/Downloads/s17-ESN-SV2-master 3/db/sql_notification.js
FN:11,(anonymous_1)
FN:23,(anonymous_2)
FN:28,(anonymous_3)
FN:33,(anonymous_4)
FNF:4
FNH:4
FNDA:7,(anonymous_1)
FNDA:6,(anonymous_2)
FNDA:1,(anonymous_3)
FNDA:1,(anonymous_4)
DA:1,1
DA:12,7
DA:20,7
DA:24,6
DA:25,6
DA:29,1
DA:30,1
DA:34,1
DA:35,1
LF:9
LH:9
BRF:0
BRH:0
end_of_record
TN:
SF:/Users/guoqing/Downloads/s17-ESN-SV2-master 3/AppErrors.js
FN:3,(anonymous_1)
FN:10,(anonymous_2)
FN:16,(anonymous_3)
FN:22,(anonymous_4)
FNF:4
FNH:2
FNDA:11,(anonymous_1)
FNDA:11,(anonymous_2)
FNDA:0,(anonymous_3)
FNDA:0,(anonymous_4)
DA:1,1
DA:3,1
DA:4,11
DA:5,11
DA:7,1
DA:8,1
DA:10,1
DA:11,11
DA:13,1
DA:14,1
DA:16,1
DA:17,0
DA:19,1
DA:20,1
DA:22,1
DA:23,0
DA:25,1
DA:26,1
DA:28,1
LF:19
LH:17
BRDA:4,1,0,11
BRDA:4,1,1,0
BRDA:5,2,0,11
BRDA:5,2,1,0
BRF:4
BRH:2
end_of_record
TN:
SF:/Users/guoqing/Downloads/s17-ESN-SV2-master 3/unit_test/status_test.js
FN:30,(anonymous_1)
FN:32,(anonymous_2)
FN:34,(anonymous_3)
FN:38,(anonymous_4)
FN:49,(anonymous_5)
FN:51,(anonymous_6)
FN:58,(anonymous_7)
FN:60,(anonymous_8)
FN:67,(anonymous_9)
FN:68,(anonymous_10)
FN:77,(anonymous_11)
FN:78,(anonymous_12)
FN:85,(anonymous_13)
FN:86,(anonymous_14)
FNF:14
FNH:14
FNDA:1,(anonymous_1)
FNDA:1,(anonymous_2)
FNDA:1,(anonymous_3)
FNDA:1,(anonymous_4)
FNDA:1,(anonymous_5)
FNDA:1,(anonymous_6)
FNDA:1,(anonymous_7)
FNDA:1,(anonymous_8)
FNDA:1,(anonymous_9)
FNDA:1,(anonymous_10)
FNDA:1,(anonymous_11)
FNDA:1,(anonymous_12)
FNDA:1,(anonymous_13)
FNDA:1,(anonymous_14)
DA:4,1
DA:6,1
DA:7,1
DA:9,1
DA:10,1
DA:12,1
DA:21,1
DA:30,1
DA:32,1
DA:33,1
DA:34,1
DA:35,1
DA:36,1
DA:38,1
DA:39,1
DA:43,0
DA:45,1
DA:49,1
DA:50,1
DA:51,1
DA:52,1
DA:53,1
DA:54,1
DA:58,1
DA:59,1
DA:60,1
DA:61,1
DA:62,1
DA:63,1
DA:67,1
DA:68,1
DA:69,1
DA:70,1
DA:71,1
DA:72,1
DA:77,1
DA:78,1
DA:79,1
DA:80,1
DA:81,1
DA:85,1
DA:86,1
DA:87,1
LF:43
LH:42
BRDA:36,1,0,1
BRDA:36,1,1,0
BRF:2
BRH:1
end_of_record
TN:
SF:/Users/guoqing/Downloads/s17-ESN-SV2-master 3/models/status.js
FN:11,(anonymous_1)
FN:18,(anonymous_2)
FN:25,(anonymous_3)
FN:27,(anonymous_4)
FN:34,(anonymous_5)
FN:41,(anonymous_6)
FN:52,(anonymous_7)
FN:74,(anonymous_8)
FN:78,(anonymous_9)
FN:80,(anonymous_10)
FN:87,(anonymous_11)
FNF:11
FNH:10
FNDA:2,(anonymous_1)
FNDA:2,(anonymous_2)
FNDA:2,(anonymous_3)
FNDA:2,(anonymous_4)
FNDA:1,(anonymous_5)
FNDA:0,(anonymous_6)
FNDA:1,(anonymous_7)
FNDA:2,(anonymous_8)
FNDA:2,(anonymous_9)
FNDA:2,(anonymous_10)
FNDA:1,(anonymous_11)
DA:3,1
DA:4,1
DA:5,1
DA:6,1
DA:7,1
DA:9,1
DA:11,1
DA:12,2
DA:13,2
DA:14,2
DA:15,2
DA:18,1
DA:19,2
DA:20,2
DA:21,2
DA:22,2
DA:23,2
DA:24,2
DA:25,2
DA:26,2
DA:28,2
DA:29,0
DA:30,2
DA:31,1
DA:32,1
DA:33,1
DA:35,1
DA:36,1
DA:37,0
DA:39,1
DA:40,0
DA:42,0
DA:43,0
DA:45,0
DA:50,1
DA:51,1
DA:53,1
DA:54,0
DA:56,1
DA:62,0
DA:66,0
DA:67,0
DA:74,1
DA:75,2
DA:76,2
DA:77,2
DA:78,2
DA:79,2
DA:81,2
DA:82,0
DA:83,2
DA:84,1
DA:85,1
DA:86,1
DA:88,1
DA:89,0
DA:91,1
DA:95,0
DA:96,0
DA:103,1
LF:60
LH:46
BRDA:23,1,0,2
BRDA:23,1,1,0
BRDA:28,2,0,0
BRDA:28,2,1,2
BRDA:30,3,0,1
BRDA:30,3,1,1
BRDA:32,4,0,1
BRDA:32,4,1,0
BRDA:36,5,0,0
BRDA:36,5,1,1
BRDA:39,6,0,0
BRDA:39,6,1,1
BRDA:42,7,0,0
BRDA:42,7,1,0
BRDA:50,8,0,1
BRDA:50,8,1,0
BRDA:53,9,0,0
BRDA:53,9,1,1
BRDA:66,10,0,0
BRDA:66,10,1,0
BRDA:76,11,0,2
BRDA:76,11,1,0
BRDA:81,12,0,0
BRDA:81,12,1,2
BRDA:83,13,0,1
BRDA:83,13,1,1
BRDA:85,14,0,1
BRDA:85,14,1,0
BRDA:88,15,0,0
BRDA:88,15,1,1
BRDA:95,16,0,0
BRDA:95,16,1,0
BRF:32
BRH:15
end_of_record
TN:
SF:/Users/guoqing/Downloads/s17-ESN-SV2-master 3/unit_test/announcement_test.js
FN:40,(anonymous_1)
FN:42,(anonymous_2)
FN:44,(anonymous_3)
FN:48,(anonymous_4)
FN:59,(anonymous_5)
FN:61,(anonymous_6)
FN:68,(anonymous_7)
FN:70,(anonymous_8)
FN:78,(anonymous_9)
FN:80,(anonymous_10)
FN:90,(anonymous_11)
FN:91,(anonymous_12)
FNF:12
FNH:12
FNDA:1,(anonymous_1)
FNDA:1,(anonymous_2)
FNDA:1,(anonymous_3)
FNDA:1,(anonymous_4)
FNDA:1,(anonymous_5)
FNDA:1,(anonymous_6)
FNDA:1,(anonymous_7)
FNDA:1,(anonymous_8)
FNDA:1,(anonymous_9)
FNDA:1,(anonymous_10)
FNDA:1,(anonymous_11)
FNDA:1,(anonymous_12)
DA:4,1
DA:6,1
DA:7,1
DA:9,1
DA:10,1
DA:12,1
DA:21,1
DA:30,1
DA:40,1
DA:42,1
DA:43,1
DA:44,1
DA:45,1
DA:46,1
DA:48,1
DA:49,1
DA:53,0
DA:55,1
DA:59,1
DA:60,1
DA:61,1
DA:62,1
DA:63,1
DA:64,1
DA:68,1
DA:69,1
DA:70,1
DA:71,1
DA:72,1
DA:73,1
DA:78,1
DA:79,1
DA:80,1
DA:81,1
DA:82,1
DA:83,1
DA:84,1
DA:85,1
DA:86,1
DA:90,1
DA:91,1
DA:92,1
LF:42
LH:41
BRDA:46,1,0,1
BRDA:46,1,1,0
BRF:2
BRH:1
end_of_record
TN:
SF:/Users/guoqing/Downloads/s17-ESN-SV2-master 3/models/announcement.js
FN:11,(anonymous_1)
FN:18,(anonymous_2)
FN:25,(anonymous_3)
FN:27,(anonymous_4)
FN:34,(anonymous_5)
FN:50,(anonymous_6)
FN:55,(anonymous_7)
FN:61,(anonymous_8)
FNF:8
FNH:8
FNDA:3,(anonymous_1)
FNDA:2,(anonymous_2)
FNDA:2,(anonymous_3)
FNDA:2,(anonymous_4)
FNDA:1,(anonymous_5)
FNDA:1,(anonymous_6)
FNDA:1,(anonymous_7)
FNDA:1,(anonymous_8)
DA:3,1
DA:4,1
DA:5,1
DA:6,1
DA:7,1
DA:9,1
DA:11,1
DA:12,3
DA:13,3
DA:14,3
DA:15,3
DA:18,1
DA:19,2
DA:20,2
DA:21,2
DA:22,2
DA:23,2
DA:24,2
DA:25,2
DA:26,2
DA:28,2
DA:29,0
DA:30,2
DA:31,1
DA:32,1
DA:33,1
DA:35,1
DA:36,0
DA:38,1
DA:42,0
DA:43,0
DA:50,1
DA:51,1
DA:52,1
DA:53,1
DA:54,1
DA:56,1
DA:57,0
DA:58,1
DA:59,1
DA:62,1
DA:67,1
LF:42
LH:37
BRDA:23,1,0,2
BRDA:23,1,1,0
BRDA:28,2,0,0
BRDA:28,2,1,2
BRDA:30,3,0,1
BRDA:30,3,1,1
BRDA:32,4,0,1
BRDA:32,4,1,0
BRDA:35,5,0,0
BRDA:35,5,1,1
BRDA:42,6,0,0
BRDA:42,6,1,0
BRDA:51,7,0,1
BRDA:51,7,1,0
BRDA:56,8,0,0
BRDA:56,8,1,1
BRDA:58,9,0,1
BRDA:58,9,1,0
BRF:18
BRH:9
end_of_record
TN:
SF:/Users/guoqing/Downloads/s17-ESN-SV2-master 3/unit_test/message_test.js
FN:30,(anonymous_1)
FN:32,(anonymous_2)
FN:34,(anonymous_3)
FN:38,(anonymous_4)
FN:49,(anonymous_5)
FN:51,(anonymous_6)
FN:58,(anonymous_7)
FN:60,(anonymous_8)
FN:67,(anonymous_9)
FN:69,(anonymous_10)
FN:79,(anonymous_11)
FN:80,(anonymous_12)
FN:87,(anonymous_13)
FN:89,(anonymous_14)
FN:99,(anonymous_15)
FN:100,(anonymous_16)
FNF:16
FNH:16
FNDA:1,(anonymous_1)
FNDA:1,(anonymous_2)
FNDA:1,(anonymous_3)
FNDA:1,(anonymous_4)
FNDA:1,(anonymous_5)
FNDA:1,(anonymous_6)
FNDA:1,(anonymous_7)
FNDA:1,(anonymous_8)
FNDA:1,(anonymous_9)
FNDA:1,(anonymous_10)
FNDA:1,(anonymous_11)
FNDA:1,(anonymous_12)
FNDA:1,(anonymous_13)
FNDA:1,(anonymous_14)
FNDA:1,(anonymous_15)
FNDA:1,(anonymous_16)
DA:4,1
DA:6,1
DA:7,1
DA:9,1
DA:10,1
DA:12,1
DA:21,1
DA:30,1
DA:32,1
DA:33,1
DA:34,1
DA:35,1
DA:36,1
DA:38,1
DA:39,1
DA:43,0
DA:45,1
DA:49,1
DA:50,1
DA:51,1
DA:52,1
DA:53,1
DA:54,1
DA:58,1
DA:59,1
DA:60,1
DA:61,1
DA:62,1
DA:63,1
DA:67,1
DA:68,1
DA:69,1
DA:70,1
DA:71,1
DA:72,1
DA:73,1
DA:74,1
DA:75,1
DA:79,1
DA:80,1
DA:81,1
DA:82,1
DA:83,1
DA:87,1
DA:88,1
DA:89,1
DA:90,1
DA:91,1
DA:92,1
DA:93,1
DA:94,1
DA:95,1
DA:99,1
DA:100,1
DA:101,1
LF:55
LH:54
BRDA:36,1,0,1
BRDA:36,1,1,0
BRF:2
BRH:1
end_of_record
TN:
SF:/Users/guoqing/Downloads/s17-ESN-SV2-master 3/models/message.js
FN:11,(anonymous_1)
FN:18,(anonymous_2)
FN:25,(anonymous_3)
FN:27,(anonymous_4)
FN:34,(anonymous_5)
FN:50,(anonymous_6)
FN:55,(anonymous_7)
FN:61,(anonymous_8)
FN:67,(anonymous_9)
FN:71,(anonymous_10)
FN:73,(anonymous_11)
FN:81,(anonymous_12)
FN:87,(anonymous_13)
FNF:13
FNH:13
FNDA:4,(anonymous_1)
FNDA:2,(anonymous_2)
FNDA:2,(anonymous_3)
FNDA:2,(anonymous_4)
FNDA:1,(anonymous_5)
FNDA:1,(anonymous_6)
FNDA:1,(anonymous_7)
FNDA:1,(anonymous_8)
FNDA:2,(anonymous_9)
FNDA:2,(anonymous_10)
FNDA:2,(anonymous_11)
FNDA:1,(anonymous_12)
FNDA:1,(anonymous_13)
DA:3,1
DA:4,1
DA:5,1
DA:6,1
DA:7,1
DA:9,1
DA:11,1
DA:12,4
DA:13,4
DA:14,4
DA:15,4
DA:18,1
DA:19,2
DA:20,2
DA:21,2
DA:22,2
DA:23,2
DA:24,2
DA:25,2
DA:26,2
DA:28,2
DA:29,0
DA:30,2
DA:31,1
DA:32,1
DA:33,1
DA:35,1
DA:36,0
DA:38,1
DA:42,0
DA:43,0
DA:50,1
DA:51,1
DA:52,1
DA:53,1
DA:54,1
DA:56,1
DA:57,0
DA:58,1
DA:59,1
DA:62,1
DA:67,1
DA:68,2
DA:69,2
DA:70,2
DA:71,2
DA:72,2
DA:74,2
DA:75,0
DA:76,2
DA:77,1
DA:78,1
DA:79,1
DA:80,1
DA:82,1
DA:83,0
DA:84,1
DA:85,1
DA:88,1
DA:91,0
DA:92,0
DA:99,1
LF:62
LH:53
BRDA:23,1,0,2
BRDA:23,1,1,0
BRDA:28,2,0,0
BRDA:28,2,1,2
BRDA:30,3,0,1
BRDA:30,3,1,1
BRDA:32,4,0,1
BRDA:32,4,1,0
BRDA:35,5,0,0
BRDA:35,5,1,1
BRDA:42,6,0,0
BRDA:42,6,1,0
BRDA:51,7,0,1
BRDA:51,7,1,0
BRDA:56,8,0,0
BRDA:56,8,1,1
BRDA:58,9,0,1
BRDA:58,9,1,0
BRDA:69,10,0,2
BRDA:69,10,1,0
BRDA:74,11,0,0
BRDA:74,11,1,2
BRDA:76,12,0,1
BRDA:76,12,1,1
BRDA:78,13,0,1
BRDA:78,13,1,0
BRDA:82,14,0,0
BRDA:82,14,1,1
BRDA:84,15,0,1
BRDA:84,15,1,0
BRDA:91,16,0,0
BRDA:91,16,1,0
BRF:32
BRH:16
end_of_record
TN:
SF:/Users/guoqing/Downloads/s17-ESN-SV2-master 3/unit_test/privateMessage_test.js
FN:38,(anonymous_1)
FN:40,(anonymous_2)
FN:42,(anonymous_3)
FN:46,(anonymous_4)
FN:57,(anonymous_5)
FN:59,(anonymous_6)
FN:63,(anonymous_7)
FN:74,(anonymous_8)
FN:76,(anonymous_9)
FN:83,(anonymous_10)
FN:85,(anonymous_11)
FN:92,(anonymous_12)
FN:94,(anonymous_13)
FN:101,(anonymous_14)
FN:102,(anonymous_15)
FN:109,(anonymous_16)
FN:111,(anonymous_17)
FN:123,(anonymous_18)
FN:124,(anonymous_19)
FN:131,(anonymous_20)
FN:132,(anonymous_21)
FN:139,(anonymous_22)
FN:140,(anonymous_23)
FNF:23
FNH:23
FNDA:1,(anonymous_1)
FNDA:1,(anonymous_2)
FNDA:1,(anonymous_3)
FNDA:1,(anonymous_4)
FNDA:1,(anonymous_5)
FNDA:1,(anonymous_6)
FNDA:1,(anonymous_7)
FNDA:1,(anonymous_8)
FNDA:1,(anonymous_9)
FNDA:1,(anonymous_10)
FNDA:1,(anonymous_11)
FNDA:1,(anonymous_12)
FNDA:1,(anonymous_13)
FNDA:1,(anonymous_14)
FNDA:1,(anonymous_15)
FNDA:1,(anonymous_16)
FNDA:1,(anonymous_17)
FNDA:1,(anonymous_18)
FNDA:1,(anonymous_19)
FNDA:1,(anonymous_20)
FNDA:1,(anonymous_21)
FNDA:1,(anonymous_22)
FNDA:1,(anonymous_23)
DA:4,1
DA:5,1
DA:6,1
DA:8,1
DA:9,1
DA:11,1
DA:20,1
DA:29,1
DA:38,1
DA:40,1
DA:41,1
DA:42,1
DA:43,1
DA:44,1
DA:46,1
DA:47,1
DA:51,0
DA:53,1
DA:57,1
DA:58,1
DA:59,1
DA:60,1
DA:61,1
DA:63,1
DA:64,1
DA:68,0
DA:70,1
DA:74,1
DA:75,1
DA:76,1
DA:77,1
DA:78,1
DA:79,1
DA:83,1
DA:84,1
DA:85,1
DA:86,1
DA:87,1
DA:88,1
DA:92,1
DA:93,1
DA:94,1
DA:95,1
DA:96,1
DA:97,1
DA:101,1
DA:102,1
DA:103,1
DA:104,1
DA:105,1
DA:109,1
DA:110,1
DA:111,1
DA:112,1
DA:113,1
DA:114,1
DA:115,1
DA:116,1
DA:117,1
DA:118,1
DA:123,1
DA:124,1
DA:125,1
DA:126,1
DA:127,1
DA:131,1
DA:132,1
DA:133,1
DA:134,1
DA:135,1
DA:139,1
DA:140,1
DA:141,1
LF:73
LH:71
BRDA:44,1,0,1
BRDA:44,1,1,0
BRDA:61,2,0,1
BRDA:61,2,1,0
BRF:4
BRH:2
end_of_record
TN:
SF:/Users/guoqing/Downloads/s17-ESN-SV2-master 3/models/privateMessage.js
FN:11,(anonymous_1)
FN:19,(anonymous_2)
FN:27,(anonymous_3)
FN:29,(anonymous_4)
FN:36,(anonymous_5)
FN:43,(anonymous_6)
FN:64,(anonymous_7)
FN:69,(anonymous_8)
FN:71,(anonymous_9)
FN:82,(anonymous_10)
FN:87,(anonymous_11)
FN:89,(anonymous_12)
FN:96,(anonymous_13)
FN:104,(anonymous_14)
FN:110,(anonymous_15)
FNF:15
FNH:15
FNDA:4,(anonymous_1)
FNDA:3,(anonymous_2)
FNDA:3,(anonymous_3)
FNDA:3,(anonymous_4)
FNDA:2,(anonymous_5)
FNDA:1,(anonymous_6)
FNDA:1,(anonymous_7)
FNDA:1,(anonymous_8)
FNDA:1,(anonymous_9)
FNDA:3,(anonymous_10)
FNDA:3,(anonymous_11)
FNDA:3,(anonymous_12)
FNDA:2,(anonymous_13)
FNDA:1,(anonymous_14)
FNDA:1,(anonymous_15)
DA:3,1
DA:4,1
DA:5,1
DA:6,1
DA:7,1
DA:9,1
DA:11,1
DA:12,4
DA:13,4
DA:14,4
DA:15,4
DA:16,4
DA:19,1
DA:20,3
DA:21,3
DA:22,3
DA:23,3
DA:24,3
DA:25,3
DA:26,3
DA:27,3
DA:28,3
DA:30,3
DA:31,0
DA:32,3
DA:33,1
DA:34,2
DA:35,2
DA:37,2
DA:38,0
DA:39,2
DA:40,1
DA:41,1
DA:42,1
DA:44,1
DA:45,0
DA:47,1
DA:51,0
DA:52,0
DA:56,0
DA:57,0
DA:64,1
DA:65,1
DA:66,1
DA:67,1
DA:68,1
DA:69,1
DA:70,1
DA:72,1
DA:73,0
DA:75,1
DA:82,1
DA:83,3
DA:84,3
DA:85,3
DA:86,3
DA:87,3
DA:88,3
DA:90,3
DA:91,0
DA:92,3
DA:93,1
DA:94,2
DA:95,2
DA:97,2
DA:98,0
DA:99,2
DA:100,1
DA:101,1
DA:102,1
DA:103,1
DA:105,1
DA:106,0
DA:107,1
DA:108,1
DA:111,1
DA:114,0
DA:115,0
DA:119,0
DA:120,0
DA:127,1
LF:81
LH:66
BRDA:25,1,0,3
BRDA:25,1,1,0
BRDA:30,2,0,0
BRDA:30,2,1,3
BRDA:32,3,0,1
BRDA:32,3,1,2
BRDA:34,4,0,2
BRDA:34,4,1,0
BRDA:37,5,0,0
BRDA:37,5,1,2
BRDA:39,6,0,1
BRDA:39,6,1,1
BRDA:41,7,0,1
BRDA:41,7,1,0
BRDA:44,8,0,0
BRDA:44,8,1,1
BRDA:51,9,0,0
BRDA:51,9,1,0
BRDA:56,10,0,0
BRDA:56,10,1,0
BRDA:67,11,0,1
BRDA:67,11,1,0
BRDA:72,12,0,0
BRDA:72,12,1,1
BRDA:85,13,0,3
BRDA:85,13,1,0
BRDA:90,14,0,0
BRDA:90,14,1,3
BRDA:92,15,0,1
BRDA:92,15,1,2
BRDA:94,16,0,2
BRDA:94,16,1,0
BRDA:97,17,0,0
BRDA:97,17,1,2
BRDA:99,18,0,1
BRDA:99,18,1,1
BRDA:101,19,0,1
BRDA:101,19,1,0
BRDA:105,20,0,0
BRDA:105,20,1,1
BRDA:107,21,0,1
BRDA:107,21,1,0
BRDA:114,22,0,0
BRDA:114,22,1,0
BRDA:119,23,0,0
BRDA:119,23,1,0
BRF:46
BRH:23
end_of_record
TN:
SF:/Users/guoqing/Downloads/s17-ESN-SV2-master 3/unit_test/notification_test.js
FN:25,(anonymous_1)
FN:27,(anonymous_2)
FN:29,(anonymous_3)
FN:33,(anonymous_4)
FN:44,(anonymous_5)
FN:46,(anonymous_6)
FN:53,(anonymous_7)
FN:55,(anonymous_8)
FN:62,(anonymous_9)
FN:64,(anonymous_10)
FN:82,(anonymous_11)
FN:83,(anonymous_12)
FNF:12
FNH:12
FNDA:1,(anonymous_1)
FNDA:1,(anonymous_2)
FNDA:1,(anonymous_3)
FNDA:1,(anonymous_4)
FNDA:1,(anonymous_5)
FNDA:1,(anonymous_6)
FNDA:1,(anonymous_7)
FNDA:1,(anonymous_8)
FNDA:1,(anonymous_9)
FNDA:1,(anonymous_10)
FNDA:1,(anonymous_11)
FNDA:1,(anonymous_12)
DA:1,1
DA:3,1
DA:4,1
DA:6,1
DA:7,1
DA:9,1
DA:17,1
DA:25,1
DA:27,1
DA:28,1
DA:29,1
DA:30,1
DA:31,1
DA:33,1
DA:34,1
DA:38,0
DA:40,1
DA:44,1
DA:45,1
DA:46,1
DA:47,1
DA:48,1
DA:49,1
DA:53,1
DA:54,1
DA:55,1
DA:56,1
DA:57,1
DA:58,1
DA:62,1
DA:63,1
DA:64,1
DA:65,1
DA:66,1
DA:67,1
DA:68,1
DA:70,1
DA:82,1
DA:83,1
DA:84,1
LF:40
LH:39
BRDA:31,1,0,1
BRDA:31,1,1,0
BRF:2
BRH:1
end_of_record
TN:
SF:/Users/guoqing/Downloads/s17-ESN-SV2-master 3/models/notification.js
FN:11,(anonymous_1)
FN:18,(anonymous_2)
FN:25,(anonymous_3)
FN:27,(anonymous_4)
FN:34,(anonymous_5)
FN:50,(anonymous_6)
FN:55,(anonymous_7)
FN:61,(anonymous_8)
FNF:8
FNH:8
FNDA:3,(anonymous_1)
FNDA:2,(anonymous_2)
FNDA:2,(anonymous_3)
FNDA:2,(anonymous_4)
FNDA:1,(anonymous_5)
FNDA:1,(anonymous_6)
FNDA:1,(anonymous_7)
FNDA:1,(anonymous_8)
DA:3,1
DA:4,1
DA:5,1
DA:6,1
DA:7,1
DA:9,1
DA:11,1
DA:12,3
DA:13,3
DA:14,3
DA:15,3
DA:18,1
DA:19,2
DA:20,2
DA:21,2
DA:22,2
DA:23,2
DA:24,2
DA:25,2
DA:26,2
DA:28,2
DA:29,0
DA:30,2
DA:31,1
DA:32,1
DA:33,1
DA:35,1
DA:36,0
DA:38,1
DA:42,0
DA:43,0
DA:50,1
DA:51,1
DA:52,1
DA:53,1
DA:54,1
DA:56,1
DA:57,0
DA:58,1
DA:59,1
DA:62,1
DA:67,1
LF:42
LH:37
BRDA:23,1,0,2
BRDA:23,1,1,0
BRDA:28,2,0,0
BRDA:28,2,1,2
BRDA:30,3,0,1
BRDA:30,3,1,1
BRDA:32,4,0,1
BRDA:32,4,1,0
BRDA:35,5,0,0
BRDA:35,5,1,1
BRDA:42,6,0,0
BRDA:42,6,1,0
BRDA:51,7,0,1
BRDA:51,7,1,0
BRDA:56,8,0,0
BRDA:56,8,1,1
BRDA:58,9,0,1
BRDA:58,9,1,0
BRF:18
BRH:9
end_of_record
